{"C:\\Users\\Shabeer Ahammed\\Fara-Ahmed\\govai-backend\\src\\controllers\\callsController.js": {"path":"C:\\Users\\Shabeer Ahammed\\Fara-Ahmed\\govai-backend\\src\\controllers\\callsController.js","statementMap":{"0":{"start":{"line":4,"column":26},"end":{"line":4,"column":41}},"1":{"start":{"line":5,"column":26},"end":{"line":5,"column":58}},"2":{"start":{"line":6,"column":26},"end":{"line":6,"column":64}},"3":{"start":{"line":7,"column":26},"end":{"line":7,"column":54}},"4":{"start":{"line":8,"column":26},"end":{"line":8,"column":57}},"5":{"start":{"line":9,"column":26},"end":{"line":9,"column":52}},"6":{"start":{"line":17,"column":2},"end":{"line":72,"column":3}},"7":{"start":{"line":18,"column":4},"end":{"line":20,"column":5}},"8":{"start":{"line":19,"column":6},"end":{"line":19,"column":96}},"9":{"start":{"line":22,"column":79},"end":{"line":22,"column":87}},"10":{"start":{"line":23,"column":19},"end":{"line":23,"column":27}},"11":{"start":{"line":26,"column":25},"end":{"line":30,"column":5}},"12":{"start":{"line":33,"column":20},"end":{"line":48,"column":6}},"13":{"start":{"line":50,"column":4},"end":{"line":50,"column":60}},"14":{"start":{"line":53,"column":4},"end":{"line":57,"column":5}},"15":{"start":{"line":54,"column":17},"end":{"line":54,"column":34}},"16":{"start":{"line":56,"column":6},"end":{"line":56,"column":55}},"17":{"start":{"line":56,"column":25},"end":{"line":56,"column":53}},"18":{"start":{"line":59,"column":4},"end":{"line":68,"column":38}},"19":{"start":{"line":70,"column":4},"end":{"line":70,"column":58}},"20":{"start":{"line":71,"column":4},"end":{"line":71,"column":56}},"21":{"start":{"line":83,"column":2},"end":{"line":111,"column":3}},"22":{"start":{"line":84,"column":24},"end":{"line":84,"column":32}},"23":{"start":{"line":85,"column":4},"end":{"line":85,"column":76}},"24":{"start":{"line":85,"column":18},"end":{"line":85,"column":76}},"25":{"start":{"line":87,"column":20},"end":{"line":87,"column":54}},"26":{"start":{"line":88,"column":4},"end":{"line":88,"column":81}},"27":{"start":{"line":88,"column":18},"end":{"line":88,"column":81}},"28":{"start":{"line":90,"column":4},"end":{"line":92,"column":5}},"29":{"start":{"line":91,"column":6},"end":{"line":91,"column":76}},"30":{"start":{"line":93,"column":4},"end":{"line":95,"column":5}},"31":{"start":{"line":94,"column":6},"end":{"line":94,"column":105}},"32":{"start":{"line":97,"column":15},"end":{"line":97,"column":32}},"33":{"start":{"line":100,"column":4},"end":{"line":100,"column":68}},"34":{"start":{"line":100,"column":23},"end":{"line":100,"column":66}},"35":{"start":{"line":102,"column":4},"end":{"line":107,"column":29}},"36":{"start":{"line":109,"column":4},"end":{"line":109,"column":67}},"37":{"start":{"line":110,"column":4},"end":{"line":110,"column":69}},"38":{"start":{"line":125,"column":2},"end":{"line":158,"column":3}},"39":{"start":{"line":130,"column":8},"end":{"line":130,"column":17}},"40":{"start":{"line":132,"column":19},"end":{"line":132,"column":21}},"41":{"start":{"line":133,"column":4},"end":{"line":133,"column":62}},"42":{"start":{"line":133,"column":20},"end":{"line":133,"column":62}},"43":{"start":{"line":134,"column":4},"end":{"line":134,"column":68}},"44":{"start":{"line":134,"column":20},"end":{"line":134,"column":68}},"45":{"start":{"line":135,"column":4},"end":{"line":135,"column":64}},"46":{"start":{"line":135,"column":20},"end":{"line":135,"column":64}},"47":{"start":{"line":137,"column":19},"end":{"line":137,"column":80}},"48":{"start":{"line":138,"column":19},"end":{"line":138,"column":53}},"49":{"start":{"line":139,"column":19},"end":{"line":139,"column":55}},"50":{"start":{"line":140,"column":19},"end":{"line":144,"column":38}},"51":{"start":{"line":146,"column":4},"end":{"line":154,"column":45}},"52":{"start":{"line":156,"column":4},"end":{"line":156,"column":60}},"53":{"start":{"line":157,"column":4},"end":{"line":157,"column":66}},"54":{"start":{"line":166,"column":2},"end":{"line":172,"column":3}},"55":{"start":{"line":167,"column":20},"end":{"line":167,"column":73}},"56":{"start":{"line":168,"column":4},"end":{"line":168,"column":91}},"57":{"start":{"line":168,"column":18},"end":{"line":168,"column":91}},"58":{"start":{"line":169,"column":4},"end":{"line":169,"column":45}},"59":{"start":{"line":171,"column":4},"end":{"line":171,"column":66}},"60":{"start":{"line":180,"column":2},"end":{"line":256,"column":3}},"61":{"start":{"line":181,"column":18},"end":{"line":181,"column":28}},"62":{"start":{"line":182,"column":4},"end":{"line":182,"column":31}},"63":{"start":{"line":185,"column":18},"end":{"line":195,"column":6}},"64":{"start":{"line":197,"column":14},"end":{"line":197,"column":22}},"65":{"start":{"line":198,"column":20},"end":{"line":205,"column":5}},"66":{"start":{"line":208,"column":27},"end":{"line":208,"column":69}},"67":{"start":{"line":209,"column":23},"end":{"line":218,"column":6}},"68":{"start":{"line":220,"column":23},"end":{"line":223,"column":7}},"69":{"start":{"line":220,"column":44},"end":{"line":223,"column":5}},"70":{"start":{"line":226,"column":22},"end":{"line":235,"column":6}},"71":{"start":{"line":237,"column":29},"end":{"line":241,"column":7}},"72":{"start":{"line":237,"column":49},"end":{"line":241,"column":5}},"73":{"start":{"line":243,"column":4},"end":{"line":252,"column":7}},"74":{"start":{"line":254,"column":4},"end":{"line":254,"column":69}},"75":{"start":{"line":255,"column":4},"end":{"line":255,"column":73}},"76":{"start":{"line":259,"column":0},"end":{"line":259,"column":85}}},"fnMap":{"0":{"name":"uploadCall","decl":{"start":{"line":16,"column":15},"end":{"line":16,"column":25}},"loc":{"start":{"line":16,"column":36},"end":{"line":73,"column":1}},"line":16},"1":{"name":"(anonymous_1)","decl":{"start":{"line":56,"column":19},"end":{"line":56,"column":20}},"loc":{"start":{"line":56,"column":25},"end":{"line":56,"column":53}},"line":56},"2":{"name":"processCall","decl":{"start":{"line":82,"column":15},"end":{"line":82,"column":26}},"loc":{"start":{"line":82,"column":37},"end":{"line":112,"column":1}},"line":82},"3":{"name":"(anonymous_3)","decl":{"start":{"line":100,"column":17},"end":{"line":100,"column":18}},"loc":{"start":{"line":100,"column":23},"end":{"line":100,"column":66}},"line":100},"4":{"name":"getCallLogs","decl":{"start":{"line":124,"column":15},"end":{"line":124,"column":26}},"loc":{"start":{"line":124,"column":37},"end":{"line":159,"column":1}},"line":124},"5":{"name":"getCallById","decl":{"start":{"line":165,"column":15},"end":{"line":165,"column":26}},"loc":{"start":{"line":165,"column":37},"end":{"line":173,"column":1}},"line":165},"6":{"name":"getCallStats","decl":{"start":{"line":179,"column":15},"end":{"line":179,"column":27}},"loc":{"start":{"line":179,"column":38},"end":{"line":257,"column":1}},"line":179},"7":{"name":"(anonymous_7)","decl":{"start":{"line":220,"column":38},"end":{"line":220,"column":39}},"loc":{"start":{"line":220,"column":44},"end":{"line":223,"column":5}},"line":220},"8":{"name":"(anonymous_8)","decl":{"start":{"line":237,"column":43},"end":{"line":237,"column":44}},"loc":{"start":{"line":237,"column":49},"end":{"line":241,"column":5}},"line":237}},"branchMap":{"0":{"loc":{"start":{"line":18,"column":4},"end":{"line":20,"column":5}},"type":"if","locations":[{"start":{"line":18,"column":4},"end":{"line":20,"column":5}},{"start":{},"end":{}}],"line":18},"1":{"loc":{"start":{"line":22,"column":12},"end":{"line":22,"column":32}},"type":"default-arg","locations":[{"start":{"line":22,"column":23},"end":{"line":22,"column":32}}],"line":22},"2":{"loc":{"start":{"line":22,"column":34},"end":{"line":22,"column":50}},"type":"default-arg","locations":[{"start":{"line":22,"column":48},"end":{"line":22,"column":50}}],"line":22},"3":{"loc":{"start":{"line":22,"column":52},"end":{"line":22,"column":74}},"type":"default-arg","locations":[{"start":{"line":22,"column":67},"end":{"line":22,"column":74}}],"line":22},"4":{"loc":{"start":{"line":53,"column":4},"end":{"line":57,"column":5}},"type":"if","locations":[{"start":{"line":53,"column":4},"end":{"line":57,"column":5}},{"start":{},"end":{}}],"line":53},"5":{"loc":{"start":{"line":65,"column":20},"end":{"line":67,"column":71}},"type":"cond-expr","locations":[{"start":{"line":66,"column":10},"end":{"line":66,"column":65}},{"start":{"line":67,"column":10},"end":{"line":67,"column":71}}],"line":65},"6":{"loc":{"start":{"line":85,"column":4},"end":{"line":85,"column":76}},"type":"if","locations":[{"start":{"line":85,"column":4},"end":{"line":85,"column":76}},{"start":{},"end":{}}],"line":85},"7":{"loc":{"start":{"line":88,"column":4},"end":{"line":88,"column":81}},"type":"if","locations":[{"start":{"line":88,"column":4},"end":{"line":88,"column":81}},{"start":{},"end":{}}],"line":88},"8":{"loc":{"start":{"line":90,"column":4},"end":{"line":92,"column":5}},"type":"if","locations":[{"start":{"line":90,"column":4},"end":{"line":92,"column":5}},{"start":{},"end":{}}],"line":90},"9":{"loc":{"start":{"line":93,"column":4},"end":{"line":95,"column":5}},"type":"if","locations":[{"start":{"line":93,"column":4},"end":{"line":95,"column":5}},{"start":{},"end":{}}],"line":93},"10":{"loc":{"start":{"line":128,"column":6},"end":{"line":128,"column":15}},"type":"default-arg","locations":[{"start":{"line":128,"column":14},"end":{"line":128,"column":15}}],"line":128},"11":{"loc":{"start":{"line":129,"column":6},"end":{"line":129,"column":16}},"type":"default-arg","locations":[{"start":{"line":129,"column":14},"end":{"line":129,"column":16}}],"line":129},"12":{"loc":{"start":{"line":133,"column":4},"end":{"line":133,"column":62}},"type":"if","locations":[{"start":{"line":133,"column":4},"end":{"line":133,"column":62}},{"start":{},"end":{}}],"line":133},"13":{"loc":{"start":{"line":134,"column":4},"end":{"line":134,"column":68}},"type":"if","locations":[{"start":{"line":134,"column":4},"end":{"line":134,"column":68}},{"start":{},"end":{}}],"line":134},"14":{"loc":{"start":{"line":135,"column":4},"end":{"line":135,"column":64}},"type":"if","locations":[{"start":{"line":135,"column":4},"end":{"line":135,"column":64}},{"start":{},"end":{}}],"line":135},"15":{"loc":{"start":{"line":168,"column":4},"end":{"line":168,"column":91}},"type":"if","locations":[{"start":{"line":168,"column":4},"end":{"line":168,"column":91}},{"start":{},"end":{}}],"line":168},"16":{"loc":{"start":{"line":199,"column":21},"end":{"line":199,"column":48}},"type":"binary-expr","locations":[{"start":{"line":199,"column":21},"end":{"line":199,"column":43}},{"start":{"line":199,"column":47},"end":{"line":199,"column":48}}],"line":199},"17":{"loc":{"start":{"line":200,"column":21},"end":{"line":200,"column":50}},"type":"binary-expr","locations":[{"start":{"line":200,"column":21},"end":{"line":200,"column":45}},{"start":{"line":200,"column":49},"end":{"line":200,"column":50}}],"line":200},"18":{"loc":{"start":{"line":201,"column":32},"end":{"line":201,"column":60}},"type":"binary-expr","locations":[{"start":{"line":201,"column":32},"end":{"line":201,"column":55}},{"start":{"line":201,"column":59},"end":{"line":201,"column":60}}],"line":201},"19":{"loc":{"start":{"line":202,"column":21},"end":{"line":202,"column":51}},"type":"binary-expr","locations":[{"start":{"line":202,"column":21},"end":{"line":202,"column":46}},{"start":{"line":202,"column":50},"end":{"line":202,"column":51}}],"line":202},"20":{"loc":{"start":{"line":204,"column":21},"end":{"line":204,"column":51}},"type":"binary-expr","locations":[{"start":{"line":204,"column":21},"end":{"line":204,"column":46}},{"start":{"line":204,"column":50},"end":{"line":204,"column":51}}],"line":204},"21":{"loc":{"start":{"line":221,"column":15},"end":{"line":221,"column":36}},"type":"binary-expr","locations":[{"start":{"line":221,"column":15},"end":{"line":221,"column":30}},{"start":{"line":221,"column":34},"end":{"line":221,"column":36}}],"line":221},"22":{"loc":{"start":{"line":221,"column":39},"end":{"line":221,"column":69}},"type":"cond-expr","locations":[{"start":{"line":221,"column":58},"end":{"line":221,"column":62}},{"start":{"line":221,"column":65},"end":{"line":221,"column":69}}],"line":221},"23":{"loc":{"start":{"line":238,"column":13},"end":{"line":238,"column":56}},"type":"cond-expr","locations":[{"start":{"line":238,"column":38},"end":{"line":238,"column":48}},{"start":{"line":238,"column":51},"end":{"line":238,"column":56}}],"line":238},"24":{"loc":{"start":{"line":239,"column":24},"end":{"line":239,"column":36}},"type":"binary-expr","locations":[{"start":{"line":239,"column":24},"end":{"line":239,"column":31}},{"start":{"line":239,"column":35},"end":{"line":239,"column":36}}],"line":239},"25":{"loc":{"start":{"line":246,"column":20},"end":{"line":246,"column":112}},"type":"cond-expr","locations":[{"start":{"line":246,"column":44},"end":{"line":246,"column":54}},{"start":{"line":246,"column":57},"end":{"line":246,"column":112}}],"line":246}},"s":{"0":0,"1":0,"2":0,"3":0,"4":0,"5":0,"6":0,"7":0,"8":0,"9":0,"10":0,"11":0,"12":0,"13":0,"14":0,"15":0,"16":0,"17":0,"18":0,"19":0,"20":0,"21":0,"22":0,"23":0,"24":0,"25":0,"26":0,"27":0,"28":0,"29":0,"30":0,"31":0,"32":0,"33":0,"34":0,"35":0,"36":0,"37":0,"38":0,"39":0,"40":0,"41":0,"42":0,"43":0,"44":0,"45":0,"46":0,"47":0,"48":0,"49":0,"50":0,"51":0,"52":0,"53":0,"54":0,"55":0,"56":0,"57":0,"58":0,"59":0,"60":0,"61":0,"62":0,"63":0,"64":0,"65":0,"66":0,"67":0,"68":0,"69":0,"70":0,"71":0,"72":0,"73":0,"74":0,"75":0,"76":0},"f":{"0":0,"1":0,"2":0,"3":0,"4":0,"5":0,"6":0,"7":0,"8":0},"b":{"0":[0,0],"1":[0],"2":[0],"3":[0],"4":[0,0],"5":[0,0],"6":[0,0],"7":[0,0],"8":[0,0],"9":[0,0],"10":[0],"11":[0],"12":[0,0],"13":[0,0],"14":[0,0],"15":[0,0],"16":[0,0],"17":[0,0],"18":[0,0],"19":[0,0],"20":[0,0],"21":[0,0],"22":[0,0],"23":[0,0],"24":[0,0],"25":[0,0]}}
,"C:\\Users\\Shabeer Ahammed\\Fara-Ahmed\\govai-backend\\src\\controllers\\deliveryController.js": {"path":"C:\\Users\\Shabeer Ahammed\\Fara-Ahmed\\govai-backend\\src\\controllers\\deliveryController.js","statementMap":{"0":{"start":{"line":4,"column":28},"end":{"line":4,"column":62}},"1":{"start":{"line":5,"column":32},"end":{"line":5,"column":70}},"2":{"start":{"line":6,"column":28},"end":{"line":6,"column":59}},"3":{"start":{"line":7,"column":28},"end":{"line":7,"column":54}},"4":{"start":{"line":8,"column":28},"end":{"line":8,"column":43}},"5":{"start":{"line":12,"column":2},"end":{"line":35,"column":3}},"6":{"start":{"line":17,"column":8},"end":{"line":17,"column":16}},"7":{"start":{"line":19,"column":21},"end":{"line":19,"column":62}},"8":{"start":{"line":20,"column":4},"end":{"line":22,"column":5}},"9":{"start":{"line":21,"column":6},"end":{"line":21,"column":108}},"10":{"start":{"line":24,"column":18},"end":{"line":28,"column":6}},"11":{"start":{"line":30,"column":4},"end":{"line":30,"column":55}},"12":{"start":{"line":31,"column":4},"end":{"line":31,"column":69}},"13":{"start":{"line":33,"column":4},"end":{"line":33,"column":64}},"14":{"start":{"line":34,"column":4},"end":{"line":34,"column":65}},"15":{"start":{"line":40,"column":2},"end":{"line":55,"column":3}},"16":{"start":{"line":41,"column":86},"end":{"line":41,"column":94}},"17":{"start":{"line":42,"column":4},"end":{"line":42,"column":78}},"18":{"start":{"line":42,"column":19},"end":{"line":42,"column":78}},"19":{"start":{"line":44,"column":18},"end":{"line":48,"column":5}},"20":{"start":{"line":50,"column":4},"end":{"line":50,"column":63}},"21":{"start":{"line":51,"column":4},"end":{"line":51,"column":69}},"22":{"start":{"line":53,"column":4},"end":{"line":53,"column":97}},"23":{"start":{"line":53,"column":51},"end":{"line":53,"column":97}},"24":{"start":{"line":54,"column":4},"end":{"line":54,"column":65}},"25":{"start":{"line":60,"column":2},"end":{"line":81,"column":3}},"26":{"start":{"line":61,"column":54},"end":{"line":61,"column":63}},"27":{"start":{"line":62,"column":19},"end":{"line":62,"column":21}},"28":{"start":{"line":63,"column":4},"end":{"line":63,"column":41}},"29":{"start":{"line":63,"column":17},"end":{"line":63,"column":41}},"30":{"start":{"line":64,"column":4},"end":{"line":64,"column":53}},"31":{"start":{"line":64,"column":17},"end":{"line":64,"column":53}},"32":{"start":{"line":66,"column":18},"end":{"line":66,"column":79}},"33":{"start":{"line":67,"column":18},"end":{"line":67,"column":52}},"34":{"start":{"line":68,"column":18},"end":{"line":68,"column":60}},"35":{"start":{"line":69,"column":19},"end":{"line":73,"column":30}},"36":{"start":{"line":75,"column":4},"end":{"line":78,"column":7}},"37":{"start":{"line":80,"column":4},"end":{"line":80,"column":68}},"38":{"start":{"line":84,"column":0},"end":{"line":84,"column":57}}},"fnMap":{"0":{"name":"createOrder","decl":{"start":{"line":11,"column":15},"end":{"line":11,"column":26}},"loc":{"start":{"line":11,"column":37},"end":{"line":36,"column":1}},"line":11},"1":{"name":"updateOrder","decl":{"start":{"line":39,"column":15},"end":{"line":39,"column":26}},"loc":{"start":{"line":39,"column":37},"end":{"line":56,"column":1}},"line":39},"2":{"name":"getOrders","decl":{"start":{"line":59,"column":15},"end":{"line":59,"column":24}},"loc":{"start":{"line":59,"column":35},"end":{"line":82,"column":1}},"line":59}},"branchMap":{"0":{"loc":{"start":{"line":14,"column":6},"end":{"line":14,"column":60}},"type":"default-arg","locations":[{"start":{"line":14,"column":17},"end":{"line":14,"column":60}}],"line":14},"1":{"loc":{"start":{"line":15,"column":28},"end":{"line":15,"column":44}},"type":"default-arg","locations":[{"start":{"line":15,"column":37},"end":{"line":15,"column":44}}],"line":15},"2":{"loc":{"start":{"line":16,"column":47},"end":{"line":16,"column":57}},"type":"default-arg","locations":[{"start":{"line":16,"column":55},"end":{"line":16,"column":57}}],"line":16},"3":{"loc":{"start":{"line":20,"column":4},"end":{"line":22,"column":5}},"type":"if","locations":[{"start":{"line":20,"column":4},"end":{"line":22,"column":5}},{"start":{},"end":{}}],"line":20},"4":{"loc":{"start":{"line":42,"column":4},"end":{"line":42,"column":78}},"type":"if","locations":[{"start":{"line":42,"column":4},"end":{"line":42,"column":78}},{"start":{},"end":{}}],"line":42},"5":{"loc":{"start":{"line":47,"column":6},"end":{"line":47,"column":25}},"type":"binary-expr","locations":[{"start":{"line":47,"column":6},"end":{"line":47,"column":16}},{"start":{"line":47,"column":20},"end":{"line":47,"column":25}}],"line":47},"6":{"loc":{"start":{"line":53,"column":4},"end":{"line":53,"column":97}},"type":"if","locations":[{"start":{"line":53,"column":4},"end":{"line":53,"column":97}},{"start":{},"end":{}}],"line":53},"7":{"loc":{"start":{"line":61,"column":29},"end":{"line":61,"column":37}},"type":"default-arg","locations":[{"start":{"line":61,"column":36},"end":{"line":61,"column":37}}],"line":61},"8":{"loc":{"start":{"line":61,"column":39},"end":{"line":61,"column":49}},"type":"default-arg","locations":[{"start":{"line":61,"column":47},"end":{"line":61,"column":49}}],"line":61},"9":{"loc":{"start":{"line":63,"column":4},"end":{"line":63,"column":41}},"type":"if","locations":[{"start":{"line":63,"column":4},"end":{"line":63,"column":41}},{"start":{},"end":{}}],"line":63},"10":{"loc":{"start":{"line":64,"column":4},"end":{"line":64,"column":53}},"type":"if","locations":[{"start":{"line":64,"column":4},"end":{"line":64,"column":53}},{"start":{},"end":{}}],"line":64}},"s":{"0":0,"1":0,"2":0,"3":0,"4":0,"5":0,"6":0,"7":0,"8":0,"9":0,"10":0,"11":0,"12":0,"13":0,"14":0,"15":0,"16":0,"17":0,"18":0,"19":0,"20":0,"21":0,"22":0,"23":0,"24":0,"25":0,"26":0,"27":0,"28":0,"29":0,"30":0,"31":0,"32":0,"33":0,"34":0,"35":0,"36":0,"37":0,"38":0},"f":{"0":0,"1":0,"2":0},"b":{"0":[0],"1":[0],"2":[0],"3":[0,0],"4":[0,0],"5":[0,0],"6":[0,0],"7":[0],"8":[0],"9":[0,0],"10":[0,0]}}
,"C:\\Users\\Shabeer Ahammed\\Fara-Ahmed\\govai-backend\\src\\controllers\\ticketController.js": {"path":"C:\\Users\\Shabeer Ahammed\\Fara-Ahmed\\govai-backend\\src\\controllers\\ticketController.js","statementMap":{"0":{"start":{"line":1,"column":20},"end":{"line":1,"column":52}},"1":{"start":{"line":2,"column":20},"end":{"line":2,"column":51}},"2":{"start":{"line":3,"column":15},"end":{"line":3,"column":41}},"3":{"start":{"line":4,"column":32},"end":{"line":4,"column":73}},"4":{"start":{"line":7,"column":2},"end":{"line":32,"column":3}},"5":{"start":{"line":8,"column":19},"end":{"line":25,"column":6}},"6":{"start":{"line":27,"column":4},"end":{"line":27,"column":120}},"7":{"start":{"line":27,"column":17},"end":{"line":27,"column":120}},"8":{"start":{"line":28,"column":4},"end":{"line":28,"column":68}},"9":{"start":{"line":30,"column":4},"end":{"line":30,"column":71}},"10":{"start":{"line":31,"column":4},"end":{"line":31,"column":72}},"11":{"start":{"line":36,"column":2},"end":{"line":59,"column":3}},"12":{"start":{"line":37,"column":74},"end":{"line":37,"column":83}},"13":{"start":{"line":38,"column":19},"end":{"line":38,"column":21}},"14":{"start":{"line":39,"column":4},"end":{"line":39,"column":39}},"15":{"start":{"line":39,"column":16},"end":{"line":39,"column":39}},"16":{"start":{"line":40,"column":4},"end":{"line":40,"column":45}},"17":{"start":{"line":40,"column":18},"end":{"line":40,"column":45}},"18":{"start":{"line":41,"column":4},"end":{"line":41,"column":45}},"19":{"start":{"line":41,"column":18},"end":{"line":41,"column":45}},"20":{"start":{"line":42,"column":4},"end":{"line":42,"column":42}},"21":{"start":{"line":42,"column":17},"end":{"line":42,"column":42}},"22":{"start":{"line":44,"column":16},"end":{"line":44,"column":50}},"23":{"start":{"line":45,"column":17},"end":{"line":45,"column":47}},"24":{"start":{"line":46,"column":18},"end":{"line":46,"column":58}},"25":{"start":{"line":47,"column":20},"end":{"line":51,"column":21}},"26":{"start":{"line":53,"column":4},"end":{"line":56,"column":7}},"27":{"start":{"line":58,"column":4},"end":{"line":58,"column":75}},"28":{"start":{"line":63,"column":2},"end":{"line":82,"column":3}},"29":{"start":{"line":64,"column":76},"end":{"line":64,"column":84}},"30":{"start":{"line":65,"column":4},"end":{"line":65,"column":80}},"31":{"start":{"line":65,"column":20},"end":{"line":65,"column":80}},"32":{"start":{"line":67,"column":19},"end":{"line":67,"column":59}},"33":{"start":{"line":68,"column":4},"end":{"line":68,"column":84}},"34":{"start":{"line":68,"column":17},"end":{"line":68,"column":84}},"35":{"start":{"line":70,"column":4},"end":{"line":70,"column":39}},"36":{"start":{"line":70,"column":16},"end":{"line":70,"column":39}},"37":{"start":{"line":71,"column":4},"end":{"line":71,"column":63}},"38":{"start":{"line":71,"column":24},"end":{"line":71,"column":63}},"39":{"start":{"line":72,"column":4},"end":{"line":76,"column":7}},"40":{"start":{"line":78,"column":4},"end":{"line":78,"column":24}},"41":{"start":{"line":79,"column":4},"end":{"line":79,"column":68}},"42":{"start":{"line":81,"column":4},"end":{"line":81,"column":72}},"43":{"start":{"line":85,"column":0},"end":{"line":85,"column":60}}},"fnMap":{"0":{"name":"createTicket","decl":{"start":{"line":6,"column":15},"end":{"line":6,"column":27}},"loc":{"start":{"line":6,"column":38},"end":{"line":33,"column":1}},"line":6},"1":{"name":"getTickets","decl":{"start":{"line":35,"column":15},"end":{"line":35,"column":25}},"loc":{"start":{"line":35,"column":36},"end":{"line":60,"column":1}},"line":35},"2":{"name":"updateTicket","decl":{"start":{"line":62,"column":15},"end":{"line":62,"column":27}},"loc":{"start":{"line":62,"column":38},"end":{"line":83,"column":1}},"line":62}},"branchMap":{"0":{"loc":{"start":{"line":10,"column":13},"end":{"line":10,"column":35}},"type":"binary-expr","locations":[{"start":{"line":10,"column":13},"end":{"line":10,"column":27}},{"start":{"line":10,"column":31},"end":{"line":10,"column":35}}],"line":10},"1":{"loc":{"start":{"line":11,"column":18},"end":{"line":11,"column":43}},"type":"binary-expr","locations":[{"start":{"line":11,"column":18},"end":{"line":11,"column":37}},{"start":{"line":11,"column":41},"end":{"line":11,"column":43}}],"line":11},"2":{"loc":{"start":{"line":13,"column":16},"end":{"line":13,"column":46}},"type":"binary-expr","locations":[{"start":{"line":13,"column":16},"end":{"line":13,"column":35}},{"start":{"line":13,"column":39},"end":{"line":13,"column":46}}],"line":13},"3":{"loc":{"start":{"line":14,"column":21},"end":{"line":14,"column":56}},"type":"binary-expr","locations":[{"start":{"line":14,"column":21},"end":{"line":14,"column":42}},{"start":{"line":14,"column":46},"end":{"line":14,"column":56}}],"line":14},"4":{"loc":{"start":{"line":19,"column":19},"end":{"line":19,"column":50}},"type":"binary-expr","locations":[{"start":{"line":19,"column":19},"end":{"line":19,"column":37}},{"start":{"line":19,"column":41},"end":{"line":19,"column":50}}],"line":19},"5":{"loc":{"start":{"line":21,"column":15},"end":{"line":21,"column":35}},"type":"binary-expr","locations":[{"start":{"line":21,"column":15},"end":{"line":21,"column":29}},{"start":{"line":21,"column":33},"end":{"line":21,"column":35}}],"line":21},"6":{"loc":{"start":{"line":27,"column":4},"end":{"line":27,"column":120}},"type":"if","locations":[{"start":{"line":27,"column":4},"end":{"line":27,"column":120}},{"start":{},"end":{}}],"line":27},"7":{"loc":{"start":{"line":37,"column":49},"end":{"line":37,"column":57}},"type":"default-arg","locations":[{"start":{"line":37,"column":56},"end":{"line":37,"column":57}}],"line":37},"8":{"loc":{"start":{"line":37,"column":59},"end":{"line":37,"column":69}},"type":"default-arg","locations":[{"start":{"line":37,"column":67},"end":{"line":37,"column":69}}],"line":37},"9":{"loc":{"start":{"line":39,"column":4},"end":{"line":39,"column":39}},"type":"if","locations":[{"start":{"line":39,"column":4},"end":{"line":39,"column":39}},{"start":{},"end":{}}],"line":39},"10":{"loc":{"start":{"line":40,"column":4},"end":{"line":40,"column":45}},"type":"if","locations":[{"start":{"line":40,"column":4},"end":{"line":40,"column":45}},{"start":{},"end":{}}],"line":40},"11":{"loc":{"start":{"line":41,"column":4},"end":{"line":41,"column":45}},"type":"if","locations":[{"start":{"line":41,"column":4},"end":{"line":41,"column":45}},{"start":{},"end":{}}],"line":41},"12":{"loc":{"start":{"line":42,"column":4},"end":{"line":42,"column":42}},"type":"if","locations":[{"start":{"line":42,"column":4},"end":{"line":42,"column":42}},{"start":{},"end":{}}],"line":42},"13":{"loc":{"start":{"line":64,"column":53},"end":{"line":64,"column":71}},"type":"default-arg","locations":[{"start":{"line":64,"column":66},"end":{"line":64,"column":71}}],"line":64},"14":{"loc":{"start":{"line":65,"column":4},"end":{"line":65,"column":80}},"type":"if","locations":[{"start":{"line":65,"column":4},"end":{"line":65,"column":80}},{"start":{},"end":{}}],"line":65},"15":{"loc":{"start":{"line":68,"column":4},"end":{"line":68,"column":84}},"type":"if","locations":[{"start":{"line":68,"column":4},"end":{"line":68,"column":84}},{"start":{},"end":{}}],"line":68},"16":{"loc":{"start":{"line":70,"column":4},"end":{"line":70,"column":39}},"type":"if","locations":[{"start":{"line":70,"column":4},"end":{"line":70,"column":39}},{"start":{},"end":{}}],"line":70},"17":{"loc":{"start":{"line":71,"column":4},"end":{"line":71,"column":63}},"type":"if","locations":[{"start":{"line":71,"column":4},"end":{"line":71,"column":63}},{"start":{},"end":{}}],"line":71},"18":{"loc":{"start":{"line":73,"column":14},"end":{"line":73,"column":37}},"type":"binary-expr","locations":[{"start":{"line":73,"column":14},"end":{"line":73,"column":20}},{"start":{"line":73,"column":24},"end":{"line":73,"column":37}}],"line":73},"19":{"loc":{"start":{"line":75,"column":12},"end":{"line":75,"column":36}},"type":"binary-expr","locations":[{"start":{"line":75,"column":12},"end":{"line":75,"column":16}},{"start":{"line":75,"column":20},"end":{"line":75,"column":36}}],"line":75}},"s":{"0":0,"1":0,"2":0,"3":0,"4":0,"5":0,"6":0,"7":0,"8":0,"9":0,"10":0,"11":0,"12":0,"13":0,"14":0,"15":0,"16":0,"17":0,"18":0,"19":0,"20":0,"21":0,"22":0,"23":0,"24":0,"25":0,"26":0,"27":0,"28":0,"29":0,"30":0,"31":0,"32":0,"33":0,"34":0,"35":0,"36":0,"37":0,"38":0,"39":0,"40":0,"41":0,"42":0,"43":0},"f":{"0":0,"1":0,"2":0},"b":{"0":[0,0],"1":[0,0],"2":[0,0],"3":[0,0],"4":[0,0],"5":[0,0],"6":[0,0],"7":[0],"8":[0],"9":[0,0],"10":[0,0],"11":[0,0],"12":[0,0],"13":[0],"14":[0,0],"15":[0,0],"16":[0,0],"17":[0,0],"18":[0,0],"19":[0,0]}}
,"C:\\Users\\Shabeer Ahammed\\Fara-Ahmed\\govai-backend\\src\\services\\agentPipeline.js": {"path":"C:\\Users\\Shabeer Ahammed\\Fara-Ahmed\\govai-backend\\src\\services\\agentPipeline.js","statementMap":{"0":{"start":{"line":2,"column":14},"end":{"line":2,"column":40}},"1":{"start":{"line":3,"column":53},"end":{"line":3,"column":79}},"2":{"start":{"line":4,"column":15},"end":{"line":4,"column":41}},"3":{"start":{"line":6,"column":22},"end":{"line":6,"column":31}},"4":{"start":{"line":9,"column":21},"end":{"line":9,"column":111}},"5":{"start":{"line":10,"column":21},"end":{"line":10,"column":91}},"6":{"start":{"line":11,"column":21},"end":{"line":11,"column":62}},"7":{"start":{"line":13,"column":16},"end":{"line":13,"column":20}},"8":{"start":{"line":14,"column":2},"end":{"line":20,"column":3}},"9":{"start":{"line":15,"column":4},"end":{"line":19,"column":5}},"10":{"start":{"line":16,"column":6},"end":{"line":16,"column":44}},"11":{"start":{"line":17,"column":11},"end":{"line":19,"column":5}},"12":{"start":{"line":18,"column":6},"end":{"line":18,"column":69}},"13":{"start":{"line":22,"column":2},"end":{"line":22,"column":105}},"14":{"start":{"line":26,"column":2},"end":{"line":28,"column":3}},"15":{"start":{"line":27,"column":4},"end":{"line":27,"column":110}},"16":{"start":{"line":29,"column":16},"end":{"line":29,"column":41}},"17":{"start":{"line":32,"column":2},"end":{"line":34,"column":3}},"18":{"start":{"line":33,"column":4},"end":{"line":33,"column":11}},"19":{"start":{"line":35,"column":2},"end":{"line":35,"column":49}},"20":{"start":{"line":37,"column":2},"end":{"line":74,"column":3}},"21":{"start":{"line":38,"column":19},"end":{"line":38,"column":49}},"22":{"start":{"line":40,"column":4},"end":{"line":46,"column":5}},"23":{"start":{"line":41,"column":17},"end":{"line":41,"column":65}},"24":{"start":{"line":42,"column":7},"end":{"line":45,"column":8}},"25":{"start":{"line":43,"column":9},"end":{"line":43,"column":35}},"26":{"start":{"line":44,"column":9},"end":{"line":44,"column":40}},"27":{"start":{"line":48,"column":4},"end":{"line":71,"column":5}},"28":{"start":{"line":49,"column":26},"end":{"line":49,"column":57}},"29":{"start":{"line":50,"column":28},"end":{"line":50,"column":75}},"30":{"start":{"line":52,"column":7},"end":{"line":64,"column":8}},"31":{"start":{"line":53,"column":11},"end":{"line":53,"column":35}},"32":{"start":{"line":54,"column":26},"end":{"line":54,"column":72}},"33":{"start":{"line":55,"column":11},"end":{"line":55,"column":81}},"34":{"start":{"line":57,"column":11},"end":{"line":63,"column":14}},"35":{"start":{"line":66,"column":22},"end":{"line":66,"column":68}},"36":{"start":{"line":67,"column":7},"end":{"line":67,"column":77}},"37":{"start":{"line":68,"column":7},"end":{"line":70,"column":8}},"38":{"start":{"line":69,"column":11},"end":{"line":69,"column":98}},"39":{"start":{"line":69,"column":40},"end":{"line":69,"column":96}},"40":{"start":{"line":73,"column":6},"end":{"line":73,"column":65}},"41":{"start":{"line":78,"column":4},"end":{"line":78,"column":33}},"42":{"start":{"line":81,"column":0},"end":{"line":81,"column":64}}},"fnMap":{"0":{"name":"extractClaimsQuick","decl":{"start":{"line":8,"column":9},"end":{"line":8,"column":27}},"loc":{"start":{"line":8,"column":40},"end":{"line":23,"column":1}},"line":8},"1":{"name":"runAgentPromptPipeline","decl":{"start":{"line":25,"column":15},"end":{"line":25,"column":37}},"loc":{"start":{"line":25,"column":62},"end":{"line":75,"column":1}},"line":25},"2":{"name":"(anonymous_2)","decl":{"start":{"line":69,"column":32},"end":{"line":69,"column":33}},"loc":{"start":{"line":69,"column":40},"end":{"line":69,"column":96}},"line":69},"3":{"name":"endPipelineSession","decl":{"start":{"line":77,"column":9},"end":{"line":77,"column":27}},"loc":{"start":{"line":77,"column":36},"end":{"line":79,"column":1}},"line":77}},"branchMap":{"0":{"loc":{"start":{"line":9,"column":21},"end":{"line":9,"column":111}},"type":"binary-expr","locations":[{"start":{"line":9,"column":21},"end":{"line":9,"column":57}},{"start":{"line":9,"column":61},"end":{"line":9,"column":111}}],"line":9},"1":{"loc":{"start":{"line":14,"column":2},"end":{"line":20,"column":3}},"type":"if","locations":[{"start":{"line":14,"column":2},"end":{"line":20,"column":3}},{"start":{},"end":{}}],"line":14},"2":{"loc":{"start":{"line":15,"column":4},"end":{"line":19,"column":5}},"type":"if","locations":[{"start":{"line":15,"column":4},"end":{"line":19,"column":5}},{"start":{"line":17,"column":11},"end":{"line":19,"column":5}}],"line":15},"3":{"loc":{"start":{"line":17,"column":11},"end":{"line":19,"column":5}},"type":"if","locations":[{"start":{"line":17,"column":11},"end":{"line":19,"column":5}},{"start":{},"end":{}}],"line":17},"4":{"loc":{"start":{"line":22,"column":27},"end":{"line":22,"column":60}},"type":"cond-expr","locations":[{"start":{"line":22,"column":40},"end":{"line":22,"column":53}},{"start":{"line":22,"column":56},"end":{"line":22,"column":60}}],"line":22},"5":{"loc":{"start":{"line":22,"column":69},"end":{"line":22,"column":102}},"type":"cond-expr","locations":[{"start":{"line":22,"column":82},"end":{"line":22,"column":95}},{"start":{"line":22,"column":98},"end":{"line":22,"column":102}}],"line":22},"6":{"loc":{"start":{"line":26,"column":2},"end":{"line":28,"column":3}},"type":"if","locations":[{"start":{"line":26,"column":2},"end":{"line":28,"column":3}},{"start":{},"end":{}}],"line":26},"7":{"loc":{"start":{"line":32,"column":2},"end":{"line":34,"column":3}},"type":"if","locations":[{"start":{"line":32,"column":2},"end":{"line":34,"column":3}},{"start":{},"end":{}}],"line":32},"8":{"loc":{"start":{"line":32,"column":6},"end":{"line":32,"column":84}},"type":"binary-expr","locations":[{"start":{"line":32,"column":6},"end":{"line":32,"column":57}},{"start":{"line":32,"column":61},"end":{"line":32,"column":84}}],"line":32},"9":{"loc":{"start":{"line":40,"column":4},"end":{"line":46,"column":5}},"type":"if","locations":[{"start":{"line":40,"column":4},"end":{"line":46,"column":5}},{"start":{},"end":{}}],"line":40},"10":{"loc":{"start":{"line":40,"column":8},"end":{"line":40,"column":40}},"type":"binary-expr","locations":[{"start":{"line":40,"column":8},"end":{"line":40,"column":22}},{"start":{"line":40,"column":26},"end":{"line":40,"column":40}}],"line":40},"11":{"loc":{"start":{"line":42,"column":7},"end":{"line":45,"column":8}},"type":"if","locations":[{"start":{"line":42,"column":7},"end":{"line":45,"column":8}},{"start":{},"end":{}}],"line":42},"12":{"loc":{"start":{"line":48,"column":4},"end":{"line":71,"column":5}},"type":"if","locations":[{"start":{"line":48,"column":4},"end":{"line":71,"column":5}},{"start":{"line":65,"column":11},"end":{"line":71,"column":5}}],"line":48},"13":{"loc":{"start":{"line":52,"column":7},"end":{"line":64,"column":8}},"type":"if","locations":[{"start":{"line":52,"column":7},"end":{"line":64,"column":8}},{"start":{"line":56,"column":14},"end":{"line":64,"column":8}}],"line":52},"14":{"loc":{"start":{"line":52,"column":11},"end":{"line":52,"column":70}},"type":"binary-expr","locations":[{"start":{"line":52,"column":11},"end":{"line":52,"column":23}},{"start":{"line":52,"column":27},"end":{"line":52,"column":51}},{"start":{"line":52,"column":55},"end":{"line":52,"column":70}}],"line":52},"15":{"loc":{"start":{"line":61,"column":26},"end":{"line":61,"column":81}},"type":"cond-expr","locations":[{"start":{"line":61,"column":41},"end":{"line":61,"column":76}},{"start":{"line":61,"column":79},"end":{"line":61,"column":81}}],"line":61},"16":{"loc":{"start":{"line":62,"column":23},"end":{"line":62,"column":106}},"type":"cond-expr","locations":[{"start":{"line":62,"column":38},"end":{"line":62,"column":63}},{"start":{"line":62,"column":66},"end":{"line":62,"column":106}}],"line":62},"17":{"loc":{"start":{"line":68,"column":7},"end":{"line":70,"column":8}},"type":"if","locations":[{"start":{"line":68,"column":7},"end":{"line":70,"column":8}},{"start":{},"end":{}}],"line":68},"18":{"loc":{"start":{"line":68,"column":11},"end":{"line":68,"column":60}},"type":"binary-expr","locations":[{"start":{"line":68,"column":11},"end":{"line":68,"column":17}},{"start":{"line":68,"column":21},"end":{"line":68,"column":33}},{"start":{"line":68,"column":37},"end":{"line":68,"column":60}}],"line":68}},"s":{"0":0,"1":0,"2":0,"3":0,"4":0,"5":0,"6":0,"7":0,"8":0,"9":0,"10":0,"11":0,"12":0,"13":0,"14":0,"15":0,"16":0,"17":0,"18":0,"19":0,"20":0,"21":0,"22":0,"23":0,"24":0,"25":0,"26":0,"27":0,"28":0,"29":0,"30":0,"31":0,"32":0,"33":0,"34":0,"35":0,"36":0,"37":0,"38":0,"39":0,"40":0,"41":0,"42":0},"f":{"0":0,"1":0,"2":0,"3":0},"b":{"0":[0,0],"1":[0,0],"2":[0,0],"3":[0,0],"4":[0,0],"5":[0,0],"6":[0,0],"7":[0,0],"8":[0,0],"9":[0,0],"10":[0,0],"11":[0,0],"12":[0,0],"13":[0,0],"14":[0,0,0],"15":[0,0],"16":[0,0],"17":[0,0],"18":[0,0,0]}}
,"C:\\Users\\Shabeer Ahammed\\Fara-Ahmed\\govai-backend\\src\\services\\agentPromptService.js": {"path":"C:\\Users\\Shabeer Ahammed\\Fara-Ahmed\\govai-backend\\src\\services\\agentPromptService.js","statementMap":{"0":{"start":{"line":5,"column":15},"end":{"line":5,"column":41}},"1":{"start":{"line":8,"column":27},"end":{"line":16,"column":1}},"2":{"start":{"line":19,"column":23},"end":{"line":29,"column":111}},"3":{"start":{"line":40,"column":2},"end":{"line":70,"column":3}},"4":{"start":{"line":79,"column":23},"end":{"line":90,"column":54}},"5":{"start":{"line":83,"column":45},"end":{"line":83,"column":93}},"6":{"start":{"line":92,"column":25},"end":{"line":94,"column":8}},"7":{"start":{"line":93,"column":65},"end":{"line":93,"column":89}},"8":{"start":{"line":96,"column":2},"end":{"line":133,"column":3}},"9":{"start":{"line":142,"column":2},"end":{"line":161,"column":3}},"10":{"start":{"line":189,"column":18},"end":{"line":189,"column":20}},"11":{"start":{"line":190,"column":2},"end":{"line":196,"column":3}},"12":{"start":{"line":191,"column":16},"end":{"line":191,"column":91}},"13":{"start":{"line":192,"column":4},"end":{"line":192,"column":37}},"14":{"start":{"line":193,"column":4},"end":{"line":193,"column":49}},"15":{"start":{"line":195,"column":4},"end":{"line":195,"column":66}},"16":{"start":{"line":199,"column":2},"end":{"line":255,"column":3}},"17":{"start":{"line":200,"column":25},"end":{"line":205,"column":5}},"18":{"start":{"line":208,"column":24},"end":{"line":208,"column":92}},"19":{"start":{"line":208,"column":62},"end":{"line":208,"column":91}},"20":{"start":{"line":209,"column":4},"end":{"line":216,"column":5}},"21":{"start":{"line":210,"column":6},"end":{"line":215,"column":8}},"22":{"start":{"line":219,"column":4},"end":{"line":254,"column":5}},"23":{"start":{"line":220,"column":21},"end":{"line":224,"column":9}},"24":{"start":{"line":225,"column":21},"end":{"line":225,"column":35}},"25":{"start":{"line":226,"column":6},"end":{"line":226,"column":76}},"26":{"start":{"line":226,"column":19},"end":{"line":226,"column":76}},"27":{"start":{"line":228,"column":24},"end":{"line":232,"column":49}},"28":{"start":{"line":234,"column":6},"end":{"line":245,"column":8}},"29":{"start":{"line":247,"column":6},"end":{"line":247,"column":75}},"30":{"start":{"line":248,"column":6},"end":{"line":253,"column":8}},"31":{"start":{"line":258,"column":2},"end":{"line":283,"column":3}},"32":{"start":{"line":259,"column":19},"end":{"line":265,"column":7}},"33":{"start":{"line":266,"column":19},"end":{"line":266,"column":33}},"34":{"start":{"line":267,"column":4},"end":{"line":267,"column":70}},"35":{"start":{"line":267,"column":17},"end":{"line":267,"column":70}},"36":{"start":{"line":269,"column":4},"end":{"line":274,"column":6}},"37":{"start":{"line":276,"column":4},"end":{"line":276,"column":73}},"38":{"start":{"line":277,"column":4},"end":{"line":282,"column":6}},"39":{"start":{"line":289,"column":14},"end":{"line":294,"column":4}},"40":{"start":{"line":295,"column":2},"end":{"line":295,"column":60}},"41":{"start":{"line":295,"column":15},"end":{"line":295,"column":60}},"42":{"start":{"line":296,"column":15},"end":{"line":296,"column":31}},"43":{"start":{"line":297,"column":2},"end":{"line":297,"column":29}},"44":{"start":{"line":301,"column":2},"end":{"line":306,"column":3}},"45":{"start":{"line":302,"column":18},"end":{"line":302,"column":42}},"46":{"start":{"line":303,"column":4},"end":{"line":303,"column":47}},"47":{"start":{"line":305,"column":4},"end":{"line":305,"column":16}},"48":{"start":{"line":314,"column":2},"end":{"line":320,"column":4}},"49":{"start":{"line":323,"column":0},"end":{"line":329,"column":2}}},"fnMap":{"0":{"name":"buildVerificationPrompt","decl":{"start":{"line":39,"column":9},"end":{"line":39,"column":32}},"loc":{"start":{"line":39,"column":76},"end":{"line":71,"column":1}},"line":39},"1":{"name":"buildResponsePrompt","decl":{"start":{"line":78,"column":9},"end":{"line":78,"column":28}},"loc":{"start":{"line":78,"column":92},"end":{"line":134,"column":1}},"line":78},"2":{"name":"(anonymous_2)","decl":{"start":{"line":83,"column":40},"end":{"line":83,"column":41}},"loc":{"start":{"line":83,"column":45},"end":{"line":83,"column":93}},"line":83},"3":{"name":"(anonymous_3)","decl":{"start":{"line":93,"column":60},"end":{"line":93,"column":61}},"loc":{"start":{"line":93,"column":65},"end":{"line":93,"column":89}},"line":93},"4":{"name":"buildExtractionPrompt","decl":{"start":{"line":141,"column":9},"end":{"line":141,"column":30}},"loc":{"start":{"line":141,"column":43},"end":{"line":162,"column":1}},"line":141},"5":{"name":"runAgentPromptPipeline","decl":{"start":{"line":180,"column":15},"end":{"line":180,"column":37}},"loc":{"start":{"line":187,"column":3},"end":{"line":284,"column":1}},"line":187},"6":{"name":"(anonymous_6)","decl":{"start":{"line":208,"column":57},"end":{"line":208,"column":58}},"loc":{"start":{"line":208,"column":62},"end":{"line":208,"column":91}},"line":208},"7":{"name":"callOllama","decl":{"start":{"line":288,"column":15},"end":{"line":288,"column":25}},"loc":{"start":{"line":288,"column":50},"end":{"line":298,"column":1}},"line":288},"8":{"name":"parseJSON","decl":{"start":{"line":300,"column":9},"end":{"line":300,"column":18}},"loc":{"start":{"line":300,"column":24},"end":{"line":307,"column":1}},"line":300},"9":{"name":"sanitizeOrderForVerification","decl":{"start":{"line":313,"column":9},"end":{"line":313,"column":37}},"loc":{"start":{"line":313,"column":45},"end":{"line":321,"column":1}},"line":313}},"branchMap":{"0":{"loc":{"start":{"line":79,"column":23},"end":{"line":90,"column":54}},"type":"cond-expr","locations":[{"start":{"line":79,"column":31},"end":{"line":90,"column":1}},{"start":{"line":90,"column":4},"end":{"line":90,"column":54}}],"line":79},"1":{"loc":{"start":{"line":88,"column":21},"end":{"line":88,"column":113}},"type":"cond-expr","locations":[{"start":{"line":88,"column":52},"end":{"line":88,"column":105}},{"start":{"line":88,"column":108},"end":{"line":88,"column":113}}],"line":88},"2":{"loc":{"start":{"line":89,"column":21},"end":{"line":89,"column":113}},"type":"cond-expr","locations":[{"start":{"line":89,"column":50},"end":{"line":89,"column":101}},{"start":{"line":89,"column":104},"end":{"line":89,"column":113}}],"line":89},"3":{"loc":{"start":{"line":92,"column":25},"end":{"line":94,"column":8}},"type":"cond-expr","locations":[{"start":{"line":93,"column":6},"end":{"line":93,"column":103}},{"start":{"line":94,"column":6},"end":{"line":94,"column":8}}],"line":92},"4":{"loc":{"start":{"line":106,"column":24},"end":{"line":106,"column":43}},"type":"binary-expr","locations":[{"start":{"line":106,"column":24},"end":{"line":106,"column":30}},{"start":{"line":106,"column":34},"end":{"line":106,"column":43}}],"line":106},"5":{"loc":{"start":{"line":107,"column":25},"end":{"line":107,"column":47}},"type":"binary-expr","locations":[{"start":{"line":107,"column":25},"end":{"line":107,"column":34}},{"start":{"line":107,"column":38},"end":{"line":107,"column":47}}],"line":107},"6":{"loc":{"start":{"line":184,"column":2},"end":{"line":184,"column":26}},"type":"default-arg","locations":[{"start":{"line":184,"column":24},"end":{"line":184,"column":26}}],"line":184},"7":{"loc":{"start":{"line":192,"column":16},"end":{"line":192,"column":36}},"type":"binary-expr","locations":[{"start":{"line":192,"column":16},"end":{"line":192,"column":30}},{"start":{"line":192,"column":34},"end":{"line":192,"column":36}}],"line":192},"8":{"loc":{"start":{"line":199,"column":2},"end":{"line":255,"column":3}},"type":"if","locations":[{"start":{"line":199,"column":2},"end":{"line":255,"column":3}},{"start":{},"end":{}}],"line":199},"9":{"loc":{"start":{"line":208,"column":62},"end":{"line":208,"column":91}},"type":"binary-expr","locations":[{"start":{"line":208,"column":62},"end":{"line":208,"column":72}},{"start":{"line":208,"column":76},"end":{"line":208,"column":91}}],"line":208},"10":{"loc":{"start":{"line":209,"column":4},"end":{"line":216,"column":5}},"type":"if","locations":[{"start":{"line":209,"column":4},"end":{"line":216,"column":5}},{"start":{},"end":{}}],"line":209},"11":{"loc":{"start":{"line":223,"column":21},"end":{"line":223,"column":83}},"type":"cond-expr","locations":[{"start":{"line":223,"column":35},"end":{"line":223,"column":76}},{"start":{"line":223,"column":79},"end":{"line":223,"column":83}}],"line":223},"12":{"loc":{"start":{"line":226,"column":6},"end":{"line":226,"column":76}},"type":"if","locations":[{"start":{"line":226,"column":6},"end":{"line":226,"column":76}},{"start":{},"end":{}}],"line":226},"13":{"loc":{"start":{"line":228,"column":24},"end":{"line":232,"column":49}},"type":"cond-expr","locations":[{"start":{"line":229,"column":10},"end":{"line":229,"column":37}},{"start":{"line":230,"column":10},"end":{"line":232,"column":49}}],"line":228},"14":{"loc":{"start":{"line":230,"column":10},"end":{"line":232,"column":49}},"type":"cond-expr","locations":[{"start":{"line":231,"column":12},"end":{"line":231,"column":37}},{"start":{"line":232,"column":12},"end":{"line":232,"column":49}}],"line":230},"15":{"loc":{"start":{"line":267,"column":4},"end":{"line":267,"column":70}},"type":"if","locations":[{"start":{"line":267,"column":4},"end":{"line":267,"column":70}},{"start":{},"end":{}}],"line":267},"16":{"loc":{"start":{"line":295,"column":2},"end":{"line":295,"column":60}},"type":"if","locations":[{"start":{"line":295,"column":2},"end":{"line":295,"column":60}},{"start":{},"end":{}}],"line":295},"17":{"loc":{"start":{"line":297,"column":9},"end":{"line":297,"column":28}},"type":"binary-expr","locations":[{"start":{"line":297,"column":9},"end":{"line":297,"column":22}},{"start":{"line":297,"column":26},"end":{"line":297,"column":28}}],"line":297},"18":{"loc":{"start":{"line":303,"column":11},"end":{"line":303,"column":46}},"type":"cond-expr","locations":[{"start":{"line":303,"column":19},"end":{"line":303,"column":39}},{"start":{"line":303,"column":42},"end":{"line":303,"column":46}}],"line":303},"19":{"loc":{"start":{"line":315,"column":13},"end":{"line":315,"column":44}},"type":"binary-expr","locations":[{"start":{"line":315,"column":13},"end":{"line":315,"column":33}},{"start":{"line":315,"column":40},"end":{"line":315,"column":44}}],"line":315},"20":{"loc":{"start":{"line":316,"column":13},"end":{"line":316,"column":44}},"type":"binary-expr","locations":[{"start":{"line":316,"column":13},"end":{"line":316,"column":34}},{"start":{"line":316,"column":40},"end":{"line":316,"column":44}}],"line":316},"21":{"loc":{"start":{"line":317,"column":13},"end":{"line":317,"column":44}},"type":"binary-expr","locations":[{"start":{"line":317,"column":13},"end":{"line":317,"column":34}},{"start":{"line":317,"column":40},"end":{"line":317,"column":44}}],"line":317},"22":{"loc":{"start":{"line":318,"column":13},"end":{"line":318,"column":45}},"type":"binary-expr","locations":[{"start":{"line":318,"column":13},"end":{"line":318,"column":26}},{"start":{"line":318,"column":41},"end":{"line":318,"column":45}}],"line":318},"23":{"loc":{"start":{"line":319,"column":13},"end":{"line":319,"column":44}},"type":"binary-expr","locations":[{"start":{"line":319,"column":13},"end":{"line":319,"column":33}},{"start":{"line":319,"column":40},"end":{"line":319,"column":44}}],"line":319}},"s":{"0":0,"1":0,"2":0,"3":0,"4":0,"5":0,"6":0,"7":0,"8":0,"9":0,"10":0,"11":0,"12":0,"13":0,"14":0,"15":0,"16":0,"17":0,"18":0,"19":0,"20":0,"21":0,"22":0,"23":0,"24":0,"25":0,"26":0,"27":0,"28":0,"29":0,"30":0,"31":0,"32":0,"33":0,"34":0,"35":0,"36":0,"37":0,"38":0,"39":0,"40":0,"41":0,"42":0,"43":0,"44":0,"45":0,"46":0,"47":0,"48":0,"49":0},"f":{"0":0,"1":0,"2":0,"3":0,"4":0,"5":0,"6":0,"7":0,"8":0,"9":0},"b":{"0":[0,0],"1":[0,0],"2":[0,0],"3":[0,0],"4":[0,0],"5":[0,0],"6":[0],"7":[0,0],"8":[0,0],"9":[0,0],"10":[0,0],"11":[0,0],"12":[0,0],"13":[0,0],"14":[0,0],"15":[0,0],"16":[0,0],"17":[0,0],"18":[0,0],"19":[0,0],"20":[0,0],"21":[0,0],"22":[0,0],"23":[0,0]}}
,"C:\\Users\\Shabeer Ahammed\\Fara-Ahmed\\govai-backend\\src\\services\\bedrockService.js": {"path":"C:\\Users\\Shabeer Ahammed\\Fara-Ahmed\\govai-backend\\src\\services\\bedrockService.js","statementMap":{"0":{"start":{"line":9,"column":53},"end":{"line":9,"column":95}},"1":{"start":{"line":10,"column":16},"end":{"line":10,"column":36}},"2":{"start":{"line":11,"column":16},"end":{"line":11,"column":42}},"3":{"start":{"line":12,"column":22},"end":{"line":12,"column":47}},"4":{"start":{"line":15,"column":20},"end":{"line":15,"column":24}},"5":{"start":{"line":17,"column":2},"end":{"line":24,"column":3}},"6":{"start":{"line":18,"column":4},"end":{"line":23,"column":7}},"7":{"start":{"line":25,"column":2},"end":{"line":25,"column":23}},"8":{"start":{"line":34,"column":23},"end":{"line":53,"column":2}},"9":{"start":{"line":55,"column":21},"end":{"line":55,"column":112}},"10":{"start":{"line":57,"column":2},"end":{"line":57,"column":38}},"11":{"start":{"line":65,"column":2},"end":{"line":65,"column":57}},"12":{"start":{"line":66,"column":2},"end":{"line":66,"column":45}},"13":{"start":{"line":66,"column":25},"end":{"line":66,"column":43}},"14":{"start":{"line":68,"column":12},"end":{"line":68,"column":36}},"15":{"start":{"line":70,"column":19},"end":{"line":70,"column":26}},"16":{"start":{"line":71,"column":19},"end":{"line":71,"column":21}},"17":{"start":{"line":72,"column":19},"end":{"line":72,"column":28}},"18":{"start":{"line":73,"column":19},"end":{"line":73,"column":27}},"19":{"start":{"line":74,"column":19},"end":{"line":74,"column":117}},"20":{"start":{"line":77,"column":2},"end":{"line":87,"column":3}},"21":{"start":{"line":78,"column":4},"end":{"line":78,"column":30}},"22":{"start":{"line":78,"column":31},"end":{"line":78,"column":47}},"23":{"start":{"line":78,"column":48},"end":{"line":78,"column":70}},"24":{"start":{"line":79,"column":9},"end":{"line":87,"column":3}},"25":{"start":{"line":80,"column":4},"end":{"line":80,"column":30}},"26":{"start":{"line":80,"column":31},"end":{"line":80,"column":47}},"27":{"start":{"line":80,"column":48},"end":{"line":80,"column":71}},"28":{"start":{"line":80,"column":72},"end":{"line":80,"column":89}},"29":{"start":{"line":81,"column":9},"end":{"line":87,"column":3}},"30":{"start":{"line":82,"column":4},"end":{"line":82,"column":32}},"31":{"start":{"line":82,"column":33},"end":{"line":82,"column":49}},"32":{"start":{"line":82,"column":50},"end":{"line":82,"column":72}},"33":{"start":{"line":83,"column":9},"end":{"line":87,"column":3}},"34":{"start":{"line":84,"column":4},"end":{"line":84,"column":28}},"35":{"start":{"line":84,"column":29},"end":{"line":84,"column":45}},"36":{"start":{"line":84,"column":46},"end":{"line":84,"column":69}},"37":{"start":{"line":85,"column":9},"end":{"line":87,"column":3}},"38":{"start":{"line":86,"column":4},"end":{"line":86,"column":25}},"39":{"start":{"line":86,"column":26},"end":{"line":86,"column":42}},"40":{"start":{"line":86,"column":43},"end":{"line":86,"column":66}},"41":{"start":{"line":86,"column":67},"end":{"line":86,"column":84}},"42":{"start":{"line":90,"column":23},"end":{"line":90,"column":73}},"43":{"start":{"line":91,"column":23},"end":{"line":91,"column":93}},"44":{"start":{"line":92,"column":23},"end":{"line":92,"column":64}},"45":{"start":{"line":93,"column":23},"end":{"line":93,"column":113}},"46":{"start":{"line":94,"column":23},"end":{"line":94,"column":78}},"47":{"start":{"line":96,"column":2},"end":{"line":96,"column":56}},"48":{"start":{"line":96,"column":19},"end":{"line":96,"column":56}},"49":{"start":{"line":97,"column":2},"end":{"line":97,"column":56}},"50":{"start":{"line":97,"column":19},"end":{"line":97,"column":56}},"51":{"start":{"line":98,"column":2},"end":{"line":98,"column":56}},"52":{"start":{"line":98,"column":19},"end":{"line":98,"column":56}},"53":{"start":{"line":99,"column":2},"end":{"line":99,"column":62}},"54":{"start":{"line":99,"column":19},"end":{"line":99,"column":62}},"55":{"start":{"line":100,"column":2},"end":{"line":100,"column":57}},"56":{"start":{"line":100,"column":19},"end":{"line":100,"column":57}},"57":{"start":{"line":102,"column":18},"end":{"line":104,"column":86}},"58":{"start":{"line":106,"column":2},"end":{"line":106,"column":71}},"59":{"start":{"line":111,"column":39},"end":{"line":111,"column":62}},"60":{"start":{"line":112,"column":17},"end":{"line":112,"column":28}},"61":{"start":{"line":115,"column":22},"end":{"line":123,"column":3}},"62":{"start":{"line":125,"column":19},"end":{"line":135,"column":3}},"63":{"start":{"line":126,"column":10},"end":{"line":131,"column":7}},"64":{"start":{"line":138,"column":15},"end":{"line":138,"column":59}},"65":{"start":{"line":139,"column":15},"end":{"line":139,"column":30}},"66":{"start":{"line":140,"column":15},"end":{"line":140,"column":44}},"67":{"start":{"line":142,"column":2},"end":{"line":142,"column":64}},"68":{"start":{"line":145,"column":2},"end":{"line":153,"column":3}},"69":{"start":{"line":146,"column":19},"end":{"line":146,"column":42}},"70":{"start":{"line":147,"column":4},"end":{"line":147,"column":18}},"71":{"start":{"line":150,"column":22},"end":{"line":150,"column":47}},"72":{"start":{"line":151,"column":4},"end":{"line":151,"column":51}},"73":{"start":{"line":151,"column":19},"end":{"line":151,"column":51}},"74":{"start":{"line":152,"column":4},"end":{"line":152,"column":81}},"75":{"start":{"line":162,"column":2},"end":{"line":164,"column":3}},"76":{"start":{"line":163,"column":4},"end":{"line":163,"column":136}},"77":{"start":{"line":166,"column":2},"end":{"line":166,"column":56}},"78":{"start":{"line":166,"column":25},"end":{"line":166,"column":56}},"79":{"start":{"line":168,"column":2},"end":{"line":173,"column":3}},"80":{"start":{"line":169,"column":4},"end":{"line":169,"column":41}},"81":{"start":{"line":171,"column":4},"end":{"line":171,"column":68}},"82":{"start":{"line":172,"column":4},"end":{"line":172,"column":14}},"83":{"start":{"line":176,"column":0},"end":{"line":176,"column":39}}},"fnMap":{"0":{"name":"getClient","decl":{"start":{"line":16,"column":9},"end":{"line":16,"column":18}},"loc":{"start":{"line":16,"column":21},"end":{"line":26,"column":1}},"line":16},"1":{"name":"buildPrompt","decl":{"start":{"line":33,"column":9},"end":{"line":33,"column":20}},"loc":{"start":{"line":33,"column":33},"end":{"line":58,"column":1}},"line":33},"2":{"name":"mockAnalyze","decl":{"start":{"line":64,"column":15},"end":{"line":64,"column":26}},"loc":{"start":{"line":64,"column":39},"end":{"line":107,"column":1}},"line":64},"3":{"name":"(anonymous_3)","decl":{"start":{"line":66,"column":20},"end":{"line":66,"column":21}},"loc":{"start":{"line":66,"column":25},"end":{"line":66,"column":43}},"line":66},"4":{"name":"realAnalyze","decl":{"start":{"line":110,"column":15},"end":{"line":110,"column":26}},"loc":{"start":{"line":110,"column":39},"end":{"line":154,"column":1}},"line":110},"5":{"name":"(anonymous_5)","decl":{"start":{"line":126,"column":4},"end":{"line":126,"column":5}},"loc":{"start":{"line":126,"column":10},"end":{"line":131,"column":7}},"line":126},"6":{"name":"analyzeTranscript","decl":{"start":{"line":161,"column":15},"end":{"line":161,"column":32}},"loc":{"start":{"line":161,"column":45},"end":{"line":174,"column":1}},"line":161}},"branchMap":{"0":{"loc":{"start":{"line":17,"column":2},"end":{"line":24,"column":3}},"type":"if","locations":[{"start":{"line":17,"column":2},"end":{"line":24,"column":3}},{"start":{},"end":{}}],"line":17},"1":{"loc":{"start":{"line":20,"column":19},"end":{"line":22,"column":19}},"type":"cond-expr","locations":[{"start":{"line":21,"column":10},"end":{"line":21,"column":94}},{"start":{"line":22,"column":10},"end":{"line":22,"column":19}}],"line":20},"2":{"loc":{"start":{"line":77,"column":2},"end":{"line":87,"column":3}},"type":"if","locations":[{"start":{"line":77,"column":2},"end":{"line":87,"column":3}},{"start":{"line":79,"column":9},"end":{"line":87,"column":3}}],"line":77},"3":{"loc":{"start":{"line":77,"column":6},"end":{"line":77,"column":75}},"type":"binary-expr","locations":[{"start":{"line":77,"column":6},"end":{"line":77,"column":27}},{"start":{"line":77,"column":31},"end":{"line":77,"column":51}},{"start":{"line":77,"column":55},"end":{"line":77,"column":75}}],"line":77},"4":{"loc":{"start":{"line":79,"column":9},"end":{"line":87,"column":3}},"type":"if","locations":[{"start":{"line":79,"column":9},"end":{"line":87,"column":3}},{"start":{"line":81,"column":9},"end":{"line":87,"column":3}}],"line":79},"5":{"loc":{"start":{"line":79,"column":13},"end":{"line":79,"column":85}},"type":"binary-expr","locations":[{"start":{"line":79,"column":13},"end":{"line":79,"column":33}},{"start":{"line":79,"column":37},"end":{"line":79,"column":61}},{"start":{"line":79,"column":65},"end":{"line":79,"column":85}}],"line":79},"6":{"loc":{"start":{"line":81,"column":9},"end":{"line":87,"column":3}},"type":"if","locations":[{"start":{"line":81,"column":9},"end":{"line":87,"column":3}},{"start":{"line":83,"column":9},"end":{"line":87,"column":3}}],"line":81},"7":{"loc":{"start":{"line":81,"column":13},"end":{"line":81,"column":107}},"type":"binary-expr","locations":[{"start":{"line":81,"column":13},"end":{"line":81,"column":33}},{"start":{"line":81,"column":37},"end":{"line":81,"column":56}},{"start":{"line":81,"column":60},"end":{"line":81,"column":82}},{"start":{"line":81,"column":86},"end":{"line":81,"column":107}}],"line":81},"8":{"loc":{"start":{"line":83,"column":9},"end":{"line":87,"column":3}},"type":"if","locations":[{"start":{"line":83,"column":9},"end":{"line":87,"column":3}},{"start":{"line":85,"column":9},"end":{"line":87,"column":3}}],"line":83},"9":{"loc":{"start":{"line":83,"column":13},"end":{"line":83,"column":63}},"type":"binary-expr","locations":[{"start":{"line":83,"column":13},"end":{"line":83,"column":33}},{"start":{"line":83,"column":37},"end":{"line":83,"column":63}}],"line":83},"10":{"loc":{"start":{"line":85,"column":9},"end":{"line":87,"column":3}},"type":"if","locations":[{"start":{"line":85,"column":9},"end":{"line":87,"column":3}},{"start":{},"end":{}}],"line":85},"11":{"loc":{"start":{"line":85,"column":13},"end":{"line":85,"column":113}},"type":"binary-expr","locations":[{"start":{"line":85,"column":13},"end":{"line":85,"column":37}},{"start":{"line":85,"column":41},"end":{"line":85,"column":62}},{"start":{"line":85,"column":66},"end":{"line":85,"column":83}},{"start":{"line":85,"column":87},"end":{"line":85,"column":113}}],"line":85},"12":{"loc":{"start":{"line":96,"column":2},"end":{"line":96,"column":56}},"type":"if","locations":[{"start":{"line":96,"column":2},"end":{"line":96,"column":56}},{"start":{},"end":{}}],"line":96},"13":{"loc":{"start":{"line":97,"column":2},"end":{"line":97,"column":56}},"type":"if","locations":[{"start":{"line":97,"column":2},"end":{"line":97,"column":56}},{"start":{},"end":{}}],"line":97},"14":{"loc":{"start":{"line":98,"column":2},"end":{"line":98,"column":56}},"type":"if","locations":[{"start":{"line":98,"column":2},"end":{"line":98,"column":56}},{"start":{},"end":{}}],"line":98},"15":{"loc":{"start":{"line":99,"column":2},"end":{"line":99,"column":62}},"type":"if","locations":[{"start":{"line":99,"column":2},"end":{"line":99,"column":62}},{"start":{},"end":{}}],"line":99},"16":{"loc":{"start":{"line":100,"column":2},"end":{"line":100,"column":57}},"type":"if","locations":[{"start":{"line":100,"column":2},"end":{"line":100,"column":57}},{"start":{},"end":{}}],"line":100},"17":{"loc":{"start":{"line":103,"column":7},"end":{"line":103,"column":74}},"type":"cond-expr","locations":[{"start":{"line":103,"column":27},"end":{"line":103,"column":69}},{"start":{"line":103,"column":72},"end":{"line":103,"column":74}}],"line":103},"18":{"loc":{"start":{"line":140,"column":15},"end":{"line":140,"column":44}},"type":"binary-expr","locations":[{"start":{"line":140,"column":15},"end":{"line":140,"column":38}},{"start":{"line":140,"column":42},"end":{"line":140,"column":44}}],"line":140},"19":{"loc":{"start":{"line":151,"column":4},"end":{"line":151,"column":51}},"type":"if","locations":[{"start":{"line":151,"column":4},"end":{"line":151,"column":51}},{"start":{},"end":{}}],"line":151},"20":{"loc":{"start":{"line":162,"column":2},"end":{"line":164,"column":3}},"type":"if","locations":[{"start":{"line":162,"column":2},"end":{"line":164,"column":3}},{"start":{},"end":{}}],"line":162},"21":{"loc":{"start":{"line":162,"column":6},"end":{"line":162,"column":50}},"type":"binary-expr","locations":[{"start":{"line":162,"column":6},"end":{"line":162,"column":17}},{"start":{"line":162,"column":21},"end":{"line":162,"column":50}}],"line":162},"22":{"loc":{"start":{"line":166,"column":2},"end":{"line":166,"column":56}},"type":"if","locations":[{"start":{"line":166,"column":2},"end":{"line":166,"column":56}},{"start":{},"end":{}}],"line":166}},"s":{"0":1,"1":1,"2":1,"3":1,"4":1,"5":0,"6":0,"7":0,"8":0,"9":0,"10":0,"11":5,"12":5,"13":5,"14":5,"15":5,"16":5,"17":5,"18":5,"19":5,"20":5,"21":1,"22":1,"23":1,"24":4,"25":1,"26":1,"27":1,"28":1,"29":3,"30":0,"31":0,"32":0,"33":3,"34":0,"35":0,"36":0,"37":3,"38":1,"39":1,"40":1,"41":1,"42":5,"43":5,"44":5,"45":5,"46":5,"47":5,"48":4,"49":5,"50":1,"51":5,"52":1,"53":5,"54":1,"55":5,"56":0,"57":5,"58":5,"59":0,"60":0,"61":0,"62":0,"63":0,"64":0,"65":0,"66":0,"67":0,"68":0,"69":0,"70":0,"71":0,"72":0,"73":0,"74":0,"75":6,"76":1,"77":5,"78":5,"79":0,"80":0,"81":0,"82":0,"83":1},"f":{"0":0,"1":0,"2":5,"3":5,"4":0,"5":0,"6":6},"b":{"0":[0,0],"1":[0,0],"2":[1,4],"3":[5,4,4],"4":[1,3],"5":[4,3,3],"6":[0,3],"7":[3,3,3,3],"8":[0,3],"9":[3,3],"10":[1,2],"11":[3,2,2,2],"12":[4,1],"13":[1,4],"14":[1,4],"15":[1,4],"16":[0,5],"17":[4,1],"18":[0,0],"19":[0,0],"20":[1,5],"21":[6,5],"22":[5,0]},"_coverageSchema":"1a1c01bbd47fc00a2c39e90264f33305004495a9","hash":"4585a9fe26460aab7d35f4302acd41f4650f6b58"}
,"C:\\Users\\Shabeer Ahammed\\Fara-Ahmed\\govai-backend\\src\\services\\deliveryService.js": {"path":"C:\\Users\\Shabeer Ahammed\\Fara-Ahmed\\govai-backend\\src\\services\\deliveryService.js","statementMap":{"0":{"start":{"line":5,"column":15},"end":{"line":5,"column":31}},"1":{"start":{"line":6,"column":15},"end":{"line":6,"column":35}},"2":{"start":{"line":7,"column":15},"end":{"line":7,"column":41}},"3":{"start":{"line":8,"column":22},"end":{"line":8,"column":47}},"4":{"start":{"line":9,"column":22},"end":{"line":9,"column":56}},"5":{"start":{"line":10,"column":23},"end":{"line":10,"column":38}},"6":{"start":{"line":14,"column":2},"end":{"line":14,"column":90}},"7":{"start":{"line":15,"column":2},"end":{"line":15,"column":45}},"8":{"start":{"line":15,"column":25},"end":{"line":15,"column":43}},"9":{"start":{"line":17,"column":2},"end":{"line":23,"column":4}},"10":{"start":{"line":39,"column":6},"end":{"line":39,"column":13}},"11":{"start":{"line":42,"column":26},"end":{"line":56,"column":3}},"12":{"start":{"line":60,"column":2},"end":{"line":75,"column":3}},"13":{"start":{"line":61,"column":4},"end":{"line":61,"column":47}},"14":{"start":{"line":63,"column":4},"end":{"line":74,"column":6}},"15":{"start":{"line":65,"column":20},"end":{"line":68,"column":10}},"16":{"start":{"line":69,"column":8},"end":{"line":69,"column":24}},"17":{"start":{"line":78,"column":2},"end":{"line":106,"column":3}},"18":{"start":{"line":79,"column":20},"end":{"line":79,"column":85}},"19":{"start":{"line":80,"column":4},"end":{"line":101,"column":6}},"20":{"start":{"line":102,"column":4},"end":{"line":102,"column":63}},"21":{"start":{"line":105,"column":4},"end":{"line":105,"column":84}},"22":{"start":{"line":108,"column":2},"end":{"line":108,"column":77}},"23":{"start":{"line":109,"column":2},"end":{"line":109,"column":18}},"24":{"start":{"line":116,"column":16},"end":{"line":116,"column":66}},"25":{"start":{"line":117,"column":2},"end":{"line":117,"column":61}},"26":{"start":{"line":117,"column":14},"end":{"line":117,"column":61}},"27":{"start":{"line":119,"column":21},"end":{"line":119,"column":33}},"28":{"start":{"line":120,"column":2},"end":{"line":120,"column":32}},"29":{"start":{"line":121,"column":2},"end":{"line":121,"column":31}},"30":{"start":{"line":123,"column":2},"end":{"line":129,"column":3}},"31":{"start":{"line":124,"column":4},"end":{"line":128,"column":7}},"32":{"start":{"line":131,"column":2},"end":{"line":131,"column":21}},"33":{"start":{"line":132,"column":2},"end":{"line":132,"column":15}},"34":{"start":{"line":135,"column":0},"end":{"line":135,"column":57}}},"fnMap":{"0":{"name":"mockSend","decl":{"start":{"line":13,"column":15},"end":{"line":13,"column":23}},"loc":{"start":{"line":13,"column":33},"end":{"line":24,"column":1}},"line":13},"1":{"name":"(anonymous_1)","decl":{"start":{"line":15,"column":20},"end":{"line":15,"column":21}},"loc":{"start":{"line":15,"column":25},"end":{"line":15,"column":43}},"line":15},"2":{"name":"sendToDelivery","decl":{"start":{"line":35,"column":15},"end":{"line":35,"column":29}},"loc":{"start":{"line":35,"column":39},"end":{"line":110,"column":1}},"line":35},"3":{"name":"(anonymous_3)","decl":{"start":{"line":64,"column":6},"end":{"line":64,"column":7}},"loc":{"start":{"line":64,"column":18},"end":{"line":70,"column":7}},"line":64},"4":{"name":"updateDeliveryOrder","decl":{"start":{"line":115,"column":15},"end":{"line":115,"column":34}},"loc":{"start":{"line":115,"column":72},"end":{"line":133,"column":1}},"line":115}},"branchMap":{"0":{"loc":{"start":{"line":37,"column":20},"end":{"line":37,"column":33}},"type":"default-arg","locations":[{"start":{"line":37,"column":31},"end":{"line":37,"column":33}}],"line":37},"1":{"loc":{"start":{"line":45,"column":22},"end":{"line":45,"column":47}},"type":"binary-expr","locations":[{"start":{"line":45,"column":22},"end":{"line":45,"column":39}},{"start":{"line":45,"column":43},"end":{"line":45,"column":47}}],"line":45},"2":{"loc":{"start":{"line":46,"column":22},"end":{"line":46,"column":50}},"type":"binary-expr","locations":[{"start":{"line":46,"column":22},"end":{"line":46,"column":42}},{"start":{"line":46,"column":46},"end":{"line":46,"column":50}}],"line":46},"3":{"loc":{"start":{"line":47,"column":22},"end":{"line":47,"column":44}},"type":"binary-expr","locations":[{"start":{"line":47,"column":22},"end":{"line":47,"column":36}},{"start":{"line":47,"column":40},"end":{"line":47,"column":44}}],"line":47},"4":{"loc":{"start":{"line":48,"column":22},"end":{"line":48,"column":44}},"type":"binary-expr","locations":[{"start":{"line":48,"column":22},"end":{"line":48,"column":36}},{"start":{"line":48,"column":40},"end":{"line":48,"column":44}}],"line":48},"5":{"loc":{"start":{"line":60,"column":2},"end":{"line":75,"column":3}},"type":"if","locations":[{"start":{"line":60,"column":2},"end":{"line":75,"column":3}},{"start":{"line":62,"column":9},"end":{"line":75,"column":3}}],"line":60},"6":{"loc":{"start":{"line":79,"column":20},"end":{"line":79,"column":85}},"type":"binary-expr","locations":[{"start":{"line":79,"column":20},"end":{"line":79,"column":37}},{"start":{"line":79,"column":41},"end":{"line":79,"column":85}}],"line":79},"7":{"loc":{"start":{"line":86,"column":26},"end":{"line":86,"column":54}},"type":"binary-expr","locations":[{"start":{"line":86,"column":26},"end":{"line":86,"column":46}},{"start":{"line":86,"column":50},"end":{"line":86,"column":54}}],"line":86},"8":{"loc":{"start":{"line":87,"column":26},"end":{"line":87,"column":48}},"type":"binary-expr","locations":[{"start":{"line":87,"column":26},"end":{"line":87,"column":40}},{"start":{"line":87,"column":44},"end":{"line":87,"column":48}}],"line":87},"9":{"loc":{"start":{"line":91,"column":26},"end":{"line":91,"column":84}},"type":"cond-expr","locations":[{"start":{"line":91,"column":60},"end":{"line":91,"column":69}},{"start":{"line":91,"column":72},"end":{"line":91,"column":84}}],"line":91},"10":{"loc":{"start":{"line":94,"column":24},"end":{"line":94,"column":82}},"type":"cond-expr","locations":[{"start":{"line":94,"column":58},"end":{"line":94,"column":67}},{"start":{"line":94,"column":70},"end":{"line":94,"column":82}}],"line":94},"11":{"loc":{"start":{"line":115,"column":53},"end":{"line":115,"column":70}},"type":"default-arg","locations":[{"start":{"line":115,"column":65},"end":{"line":115,"column":70}}],"line":115},"12":{"loc":{"start":{"line":117,"column":2},"end":{"line":117,"column":61}},"type":"if","locations":[{"start":{"line":117,"column":2},"end":{"line":117,"column":61}},{"start":{},"end":{}}],"line":117},"13":{"loc":{"start":{"line":123,"column":2},"end":{"line":129,"column":3}},"type":"if","locations":[{"start":{"line":123,"column":2},"end":{"line":129,"column":3}},{"start":{},"end":{}}],"line":123},"14":{"loc":{"start":{"line":123,"column":6},"end":{"line":123,"column":53}},"type":"binary-expr","locations":[{"start":{"line":123,"column":6},"end":{"line":123,"column":20}},{"start":{"line":123,"column":24},"end":{"line":123,"column":53}}],"line":123},"15":{"loc":{"start":{"line":127,"column":18},"end":{"line":127,"column":58}},"type":"binary-expr","locations":[{"start":{"line":127,"column":18},"end":{"line":127,"column":30}},{"start":{"line":127,"column":34},"end":{"line":127,"column":58}}],"line":127}},"s":{"0":0,"1":0,"2":0,"3":0,"4":0,"5":0,"6":0,"7":0,"8":0,"9":0,"10":0,"11":0,"12":0,"13":0,"14":0,"15":0,"16":0,"17":0,"18":0,"19":0,"20":0,"21":0,"22":0,"23":0,"24":0,"25":0,"26":0,"27":0,"28":0,"29":0,"30":0,"31":0,"32":0,"33":0,"34":0},"f":{"0":0,"1":0,"2":0,"3":0,"4":0},"b":{"0":[0],"1":[0,0],"2":[0,0],"3":[0,0],"4":[0,0],"5":[0,0],"6":[0,0],"7":[0,0],"8":[0,0],"9":[0,0],"10":[0,0],"11":[0],"12":[0,0],"13":[0,0],"14":[0,0],"15":[0,0]}}
,"C:\\Users\\Shabeer Ahammed\\Fara-Ahmed\\govai-backend\\src\\services\\governanceService.js": {"path":"C:\\Users\\Shabeer Ahammed\\Fara-Ahmed\\govai-backend\\src\\services\\governanceService.js","statementMap":{"0":{"start":{"line":15,"column":15},"end":{"line":15,"column":35}},"1":{"start":{"line":16,"column":15},"end":{"line":16,"column":41}},"2":{"start":{"line":19,"column":14},"end":{"line":27,"column":1}},"3":{"start":{"line":30,"column":22},"end":{"line":34,"column":1}},"4":{"start":{"line":37,"column":20},"end":{"line":40,"column":1}},"5":{"start":{"line":43,"column":22},"end":{"line":52,"column":1}},"6":{"start":{"line":58,"column":25},"end":{"line":58,"column":33}},"7":{"start":{"line":59,"column":20},"end":{"line":59,"column":57}},"8":{"start":{"line":61,"column":2},"end":{"line":67,"column":3}},"9":{"start":{"line":62,"column":4},"end":{"line":62,"column":37}},"10":{"start":{"line":63,"column":20},"end":{"line":63,"column":62}},"11":{"start":{"line":64,"column":4},"end":{"line":64,"column":62}},"12":{"start":{"line":65,"column":4},"end":{"line":65,"column":74}},"13":{"start":{"line":66,"column":4},"end":{"line":66,"column":17}},"14":{"start":{"line":68,"column":2},"end":{"line":68,"column":14}},"15":{"start":{"line":73,"column":32},"end":{"line":73,"column":104}},"16":{"start":{"line":74,"column":2},"end":{"line":82,"column":3}},"17":{"start":{"line":78,"column":4},"end":{"line":78,"column":39}},"18":{"start":{"line":79,"column":4},"end":{"line":79,"column":68}},"19":{"start":{"line":80,"column":4},"end":{"line":80,"column":78}},"20":{"start":{"line":81,"column":4},"end":{"line":81,"column":17}},"21":{"start":{"line":83,"column":2},"end":{"line":83,"column":14}},"22":{"start":{"line":88,"column":16},"end":{"line":88,"column":40}},"23":{"start":{"line":89,"column":16},"end":{"line":89,"column":66}},"24":{"start":{"line":89,"column":45},"end":{"line":89,"column":65}},"25":{"start":{"line":90,"column":2},"end":{"line":95,"column":3}},"26":{"start":{"line":91,"column":4},"end":{"line":91,"column":37}},"27":{"start":{"line":92,"column":4},"end":{"line":92,"column":66}},"28":{"start":{"line":93,"column":4},"end":{"line":93,"column":75}},"29":{"start":{"line":94,"column":4},"end":{"line":94,"column":16}},"30":{"start":{"line":96,"column":2},"end":{"line":96,"column":15}},"31":{"start":{"line":101,"column":16},"end":{"line":101,"column":40}},"32":{"start":{"line":102,"column":16},"end":{"line":102,"column":64}},"33":{"start":{"line":102,"column":43},"end":{"line":102,"column":63}},"34":{"start":{"line":103,"column":2},"end":{"line":107,"column":3}},"35":{"start":{"line":104,"column":4},"end":{"line":104,"column":35}},"36":{"start":{"line":105,"column":4},"end":{"line":105,"column":64}},"37":{"start":{"line":106,"column":4},"end":{"line":106,"column":71}},"38":{"start":{"line":112,"column":2},"end":{"line":115,"column":3}},"39":{"start":{"line":113,"column":4},"end":{"line":113,"column":37}},"40":{"start":{"line":114,"column":4},"end":{"line":114,"column":66}},"41":{"start":{"line":120,"column":2},"end":{"line":122,"column":3}},"42":{"start":{"line":121,"column":4},"end":{"line":121,"column":35}},"43":{"start":{"line":133,"column":15},"end":{"line":133,"column":25}},"44":{"start":{"line":134,"column":16},"end":{"line":134,"column":21}},"45":{"start":{"line":136,"column":2},"end":{"line":140,"column":3}},"46":{"start":{"line":137,"column":19},"end":{"line":137,"column":25}},"47":{"start":{"line":138,"column":4},"end":{"line":138,"column":44}},"48":{"start":{"line":139,"column":4},"end":{"line":139,"column":42}},"49":{"start":{"line":139,"column":27},"end":{"line":139,"column":42}},"50":{"start":{"line":142,"column":2},"end":{"line":142,"column":29}},"51":{"start":{"line":155,"column":16},"end":{"line":155,"column":18}},"52":{"start":{"line":156,"column":26},"end":{"line":156,"column":28}},"53":{"start":{"line":157,"column":16},"end":{"line":157,"column":21}},"54":{"start":{"line":158,"column":23},"end":{"line":158,"column":28}},"55":{"start":{"line":161,"column":27},"end":{"line":161,"column":73}},"56":{"start":{"line":162,"column":27},"end":{"line":162,"column":76}},"57":{"start":{"line":163,"column":27},"end":{"line":163,"column":73}},"58":{"start":{"line":164,"column":2},"end":{"line":164,"column":55}},"59":{"start":{"line":165,"column":2},"end":{"line":165,"column":48}},"60":{"start":{"line":166,"column":2},"end":{"line":166,"column":32}},"61":{"start":{"line":169,"column":49},"end":{"line":169,"column":78}},"62":{"start":{"line":170,"column":2},"end":{"line":170,"column":48}},"63":{"start":{"line":170,"column":15},"end":{"line":170,"column":48}},"64":{"start":{"line":173,"column":2},"end":{"line":177,"column":3}},"65":{"start":{"line":174,"column":4},"end":{"line":174,"column":19}},"66":{"start":{"line":175,"column":9},"end":{"line":177,"column":3}},"67":{"start":{"line":176,"column":4},"end":{"line":176,"column":26}},"68":{"start":{"line":180,"column":23},"end":{"line":180,"column":73}},"69":{"start":{"line":180,"column":56},"end":{"line":180,"column":69}},"70":{"start":{"line":181,"column":27},"end":{"line":181,"column":73}},"71":{"start":{"line":183,"column":17},"end":{"line":187,"column":16}},"72":{"start":{"line":189,"column":17},"end":{"line":195,"column":3}},"73":{"start":{"line":197,"column":2},"end":{"line":202,"column":5}},"74":{"start":{"line":204,"column":2},"end":{"line":204,"column":16}},"75":{"start":{"line":207,"column":0},"end":{"line":207,"column":59}}},"fnMap":{"0":{"name":"checkConfidence","decl":{"start":{"line":57,"column":9},"end":{"line":57,"column":24}},"loc":{"start":{"line":57,"column":59},"end":{"line":69,"column":1}},"line":57},"1":{"name":"checkOrderId","decl":{"start":{"line":72,"column":9},"end":{"line":72,"column":21}},"loc":{"start":{"line":72,"column":56},"end":{"line":84,"column":1}},"line":72},"2":{"name":"checkAbuse","decl":{"start":{"line":87,"column":9},"end":{"line":87,"column":19}},"loc":{"start":{"line":87,"column":56},"end":{"line":97,"column":1}},"line":87},"3":{"name":"(anonymous_3)","decl":{"start":{"line":89,"column":37},"end":{"line":89,"column":38}},"loc":{"start":{"line":89,"column":45},"end":{"line":89,"column":65}},"line":89},"4":{"name":"checkLegalThreat","decl":{"start":{"line":100,"column":9},"end":{"line":100,"column":25}},"loc":{"start":{"line":100,"column":62},"end":{"line":108,"column":1}},"line":100},"5":{"name":"(anonymous_5)","decl":{"start":{"line":102,"column":35},"end":{"line":102,"column":36}},"loc":{"start":{"line":102,"column":43},"end":{"line":102,"column":63}},"line":102},"6":{"name":"checkIntent","decl":{"start":{"line":111,"column":9},"end":{"line":111,"column":20}},"loc":{"start":{"line":111,"column":55},"end":{"line":116,"column":1}},"line":111},"7":{"name":"checkUrgency","decl":{"start":{"line":119,"column":9},"end":{"line":119,"column":21}},"loc":{"start":{"line":119,"column":39},"end":{"line":123,"column":1}},"line":119},"8":{"name":"maskSensitiveData","decl":{"start":{"line":132,"column":9},"end":{"line":132,"column":26}},"loc":{"start":{"line":132,"column":39},"end":{"line":143,"column":1}},"line":132},"9":{"name":"evaluateGovernance","decl":{"start":{"line":154,"column":9},"end":{"line":154,"column":27}},"loc":{"start":{"line":154,"column":55},"end":{"line":205,"column":1}},"line":154},"10":{"name":"(anonymous_10)","decl":{"start":{"line":180,"column":46},"end":{"line":180,"column":47}},"loc":{"start":{"line":180,"column":56},"end":{"line":180,"column":69}},"line":180}},"branchMap":{"0":{"loc":{"start":{"line":61,"column":2},"end":{"line":67,"column":3}},"type":"if","locations":[{"start":{"line":61,"column":2},"end":{"line":67,"column":3}},{"start":{},"end":{}}],"line":61},"1":{"loc":{"start":{"line":74,"column":2},"end":{"line":82,"column":3}},"type":"if","locations":[{"start":{"line":74,"column":2},"end":{"line":82,"column":3}},{"start":{},"end":{}}],"line":74},"2":{"loc":{"start":{"line":75,"column":4},"end":{"line":76,"column":78}},"type":"binary-expr","locations":[{"start":{"line":75,"column":4},"end":{"line":75,"column":51}},{"start":{"line":76,"column":5},"end":{"line":76,"column":33}},{"start":{"line":76,"column":37},"end":{"line":76,"column":77}}],"line":75},"3":{"loc":{"start":{"line":90,"column":2},"end":{"line":95,"column":3}},"type":"if","locations":[{"start":{"line":90,"column":2},"end":{"line":95,"column":3}},{"start":{},"end":{}}],"line":90},"4":{"loc":{"start":{"line":103,"column":2},"end":{"line":107,"column":3}},"type":"if","locations":[{"start":{"line":103,"column":2},"end":{"line":107,"column":3}},{"start":{},"end":{}}],"line":103},"5":{"loc":{"start":{"line":112,"column":2},"end":{"line":115,"column":3}},"type":"if","locations":[{"start":{"line":112,"column":2},"end":{"line":115,"column":3}},{"start":{},"end":{}}],"line":112},"6":{"loc":{"start":{"line":112,"column":6},"end":{"line":112,"column":66}},"type":"binary-expr","locations":[{"start":{"line":112,"column":6},"end":{"line":112,"column":35}},{"start":{"line":112,"column":39},"end":{"line":112,"column":66}}],"line":112},"7":{"loc":{"start":{"line":120,"column":2},"end":{"line":122,"column":3}},"type":"if","locations":[{"start":{"line
[...]
,"C:\\Users\\Shabeer Ahammed\\Fara-Ahmed\\govai-backend\\src\\services\\transcribeService.js": {"path":"C:\\Users\\Shabeer Ahammed\\Fara-Ahmed\\govai-backend\\src\\services\\transcribeService.js","statementMap":{"0":{"start":{"line":5,"column":23},"end":{"line":5,"column":38}},"1":{"start":{"line":6,"column":14},"end":{"line":6,"column":30}},"2":{"start":{"line":11,"column":4},"end":{"line":11,"column":41}},"3":{"start":{"line":12,"column":15},"end":{"line":12,"column":35}},"4":{"start":{"line":13,"column":15},"end":{"line":13,"column":41}},"5":{"start":{"line":14,"column":22},"end":{"line":14,"column":47}},"6":{"start":{"line":16,"column":23},"end":{"line":16,"column":27}},"7":{"start":{"line":19,"column":2},"end":{"line":26,"column":3}},"8":{"start":{"line":20,"column":4},"end":{"line":25,"column":7}},"9":{"start":{"line":27,"column":2},"end":{"line":27,"column":26}},"10":{"start":{"line":30,"column":25},"end":{"line":56,"column":1}},"11":{"start":{"line":59,"column":2},"end":{"line":59,"column":79}},"12":{"start":{"line":60,"column":2},"end":{"line":60,"column":57}},"13":{"start":{"line":60,"column":31},"end":{"line":60,"column":55}},"14":{"start":{"line":62,"column":14},"end":{"line":62,"column":119}},"15":{"start":{"line":62,"column":64},"end":{"line":62,"column":88}},"16":{"start":{"line":63,"column":17},"end":{"line":63,"column":38}},"17":{"start":{"line":65,"column":2},"end":{"line":71,"column":4}},"18":{"start":{"line":75,"column":14},"end":{"line":75,"column":54}},"19":{"start":{"line":76,"column":2},"end":{"line":76,"column":84}},"20":{"start":{"line":76,"column":73},"end":{"line":76,"column":84}},"21":{"start":{"line":77,"column":2},"end":{"line":77,"column":34}},"22":{"start":{"line":77,"column":21},"end":{"line":77,"column":34}},"23":{"start":{"line":78,"column":2},"end":{"line":78,"column":15}},"24":{"start":{"line":82,"column":2},"end":{"line":114,"column":3}},"25":{"start":{"line":82,"column":21},"end":{"line":82,"column":22}},"26":{"start":{"line":83,"column":21},"end":{"line":83,"column":105}},"27":{"start":{"line":84,"column":16},"end":{"line":84,"column":41}},"28":{"start":{"line":85,"column":19},"end":{"line":85,"column":46}},"29":{"start":{"line":87,"column":4},"end":{"line":107,"column":5}},"30":{"start":{"line":88,"column":28},"end":{"line":88,"column":61}},"31":{"start":{"line":89,"column":6},"end":{"line":89,"column":96}},"32":{"start":{"line":89,"column":26},"end":{"line":89,"column":96}},"33":{"start":{"line":91,"column":33},"end":{"line":91,"column":83}},"34":{"start":{"line":92,"column":22},"end":{"line":92,"column":54}},"35":{"start":{"line":93,"column":25},"end":{"line":93,"column":98}},"36":{"start":{"line":93,"column":59},"end":{"line":93,"column":74}},"37":{"start":{"line":94,"column":26},"end":{"line":96,"column":32}},"38":{"start":{"line":95,"column":21},"end":{"line":95,"column":63}},"39":{"start":{"line":97,"column":25},"end":{"line":99,"column":12}},"40":{"start":{"line":98,"column":57},"end":{"line":98,"column":68}},"41":{"start":{"line":101,"column":6},"end":{"line":106,"column":8}},"42":{"start":{"line":109,"column":4},"end":{"line":111,"column":5}},"43":{"start":{"line":110,"column":6},"end":{"line":110,"column":74}},"44":{"start":{"line":113,"column":4},"end":{"line":113,"column":63}},"45":{"start":{"line":113,"column":33},"end":{"line":113,"column":61}},"46":{"start":{"line":116,"column":2},"end":{"line":116,"column":62}},"47":{"start":{"line":120,"column":2},"end":{"line":120,"column":57}},"48":{"start":{"line":120,"column":25},"end":{"line":120,"column":57}},"49":{"start":{"line":122,"column":2},"end":{"line":122,"column":59}},"50":{"start":{"line":124,"column":17},"end":{"line":124,"column":28}},"51":{"start":{"line":125,"column":18},"end":{"line":125,"column":92}},"52":{"start":{"line":126,"column":19},"end":{"line":126,"column":60}},"53":{"start":{"line":128,"column":2},"end":{"line":139,"column":4}},"54":{"start":{"line":129,"column":10},"end":{"line":135,"column":7}},"55":{"start":{"line":141,"column":2},"end":{"line":141,"column":34}},"56":{"start":{"line":144,"column":0},"end":{"line":144,"column":37}}},"fnMap":{"0":{"name":"getClient","decl":{"start":{"line":18,"column":9},"end":{"line":18,"column":18}},"loc":{"start":{"line":18,"column":21},"end":{"line":28,"column":1}},"line":18},"1":{"name":"mockTranscribe","decl":{"start":{"line":58,"column":15},"end":{"line":58,"column":29}},"loc":{"start":{"line":58,"column":40},"end":{"line":72,"column":1}},"line":58},"2":{"name":"(anonymous_2)","decl":{"start":{"line":60,"column":20},"end":{"line":60,"column":21}},"loc":{"start":{"line":60,"column":31},"end":{"line":60,"column":55}},"line":60},"3":{"name":"(anonymous_3)","decl":{"start":{"line":62,"column":49},"end":{"line":62,"column":50}},"loc":{"start":{"line":62,"column":64},"end":{"line":62,"column":88}},"line":62},"4":{"name":"mediaFormatFromKey","decl":{"start":{"line":74,"column":9},"end":{"line":74,"column":27}},"loc":{"start":{"line":74,"column":38},"end":{"line":79,"column":1}},"line":74},"5":{"name":"pollJob","decl":{"start":{"line":81,"column":15},"end":{"line":81,"column":22}},"loc":{"start":{"line":81,"column":74},"end":{"line":117,"column":1}},"line":81},"6":{"name":"(anonymous_6)","decl":{"start":{"line":93,"column":51},"end":{"line":93,"column":52}},"loc":{"start":{"line":93,"column":59},"end":{"line":93,"column":74}},"line":93},"7":{"name":"(anonymous_7)","decl":{"start":{"line":95,"column":13},"end":{"line":95,"column":14}},"loc":{"start":{"line":95,"column":21},"end":{"line":95,"column":63}},"line":95},"8":{"name":"(anonymous_8)","decl":{"start":{"line":98,"column":41},"end":{"line":98,"column":42}},"loc":{"start":{"line":98,"column":57},"end":{"line":98,"column":68}},"line":98},"9":{"name":"(anonymous_9)","decl":{"start":{"line":113,"column":22},"end":{"line":113,"column":23}},"loc":{"start":{"line":113,"column":33},"end":{"line":113,"column":61}},"line":113},"10":{"name":"transcribeAudio","decl":{"start":{"line":119,"column":15},"end":{"line":119,"column":30}},"loc":{"start":{"line":119,"column":49},"end":{"line":142,"column":1}},"line":119},"11":{"name":"(anonymous_11)","decl":{"start":{"line":129,"column":4},"end":{"line":129,"column":5}},"loc":{"start":{"line":129,"column":10},"end":{"line":135,"column":7}},"line":129}},"branchMap":{"0":{"loc":{"start":{"line":19,"column":2},"end":{"line":26,"column":3}},"type":"if","locations":[{"start":{"line":19,"column":2},"end":{"line":26,"column":3}},{"start":{},"end":{}}],"line":19},"1":{"loc":{"start":{"line":22,"column":19},"end":{"line":24,"column":19}},"type":"cond-expr","locations":[{"start":{"line":23,"column":10},"end":{"line":23,"column":94}},{"start":{"line":24,"column":10},"end":{"line":24,"column":19}}],"line":22},"2":{"loc":{"start":{"line":76,"column":2},"end":{"line":76,"column":84}},"type":"if","locations":[{"start":{"line":76,"column":2},"end":{"line":76,"column":84}},{"start":{},"end":{}}],"line":76},"3":{"loc":{"start":{"line":77,"column":2},"end":{"line":77,"column":34}},"type":"if","locations":[{"start":{"line":77,"column":2},"end":{"line":77,"column":34}},{"start":{},"end":{}}],"line":77},"4":{"loc":{"start":{"line":81,"column":40},"end":{"line":81,"column":56}},"type":"default-arg","locations":[{"start":{"line":81,"column":54},"end":{"line":81,"column":56}}],"line":81},"5":{"loc":{"start":{"line":81,"column":58},"end":{"line":81,"column":72}},"type":"default-arg","locations":[{"start":{"line":81,"column":68},"end":{"line":81,"column":72}}],"line":81},"6":{"loc":{"start":{"line":87,"column":4},"end":{"line":107,"column":5}},"type":"if","locations":[{"start":{"line":87,"column":4},"end":{"line":107,"column":5}},{"start":{},"end":{}}],"line":87},"7":{"loc":{"start":{"line":89,"column":6},"end":{"line":89,"column":96}},"type":"if","locations":[{"start":{"line":89,"column":6},"end":{"line":89,"column":96}},{"start":{},"end":{}}],"line":89},"8":{"loc":{"start":{"line":93,"column":25},"end":{"line":93,"column":98}},"type":"binary-expr","locations":[{"start":{"line":93,"column":25},"end":{"line":93,"column":92}},{"start":{"line":93,"column":96},"end":{"line":93,"column":98}}],"line":93},"9":{"loc":{"start":{"line":94,"column":27},"end":{"line":94,"column":47}},"type":"binary-expr","locations":[{"start":{"line":94,"column":27},"end":{"line":94,"column":41}},{"start":{"line":94,"column":45},"end":{"line":94,"column":47}}],"line":94},"10":{"loc":{"start":{"line":97,"column":25},"end":{"line":99,"column":12}},"type":"cond-expr","locations":[{"start":{"line":98,"column":10},"end":{"line":98,"column":101}},{"start":{"line":99,"column":10},"end":{"line":99,"column":12}}],"line":97},"11":{"loc":{"start":{"line":104,"column":18},"end":{"line":104,"column":71}},"type":"binary-expr","locations":[{"start":{"line":104,"column":18},"end":{"line":104,"column":34}},{"start":{"line":104,"column":38},"end":{"line":104,"column":71}}],"line":104},"12":{"loc":{"start":{"line":109,"column":4},"end":{"line":111,"column":5}},"type":"if","locations":[{"start":{"line":109,"column":4},"end":{"line":111,"column":5}},{"start":{},"end":{}}],"line":109},"13":{"loc":{"start":{"line":110,"column":22},"end":{"line":110,"column":72}},"type":"binary-expr","locations":[{"start":{"line":110,"column":22},"end":{"line":110,"column":40}},{"start":{"line":110,"column":44},"end":{"line":110,"column":72}}],"line":110},"14":{"loc":{"start":{"line":120,"column":2},"end":{"line":120,"column":57}},"type":"if","locations":[{"start":{"line":120,"column":2},"end":{"line":120,"column":57}},{"start":{},"end":{}}],"line":120},"15":{"loc":{"start":{"line":134,"column":24},"end":{"line":134,"column":80}},"type":"binary-expr","locations":[{"start":{"line":134,"column":24},"end":{"line":134,"column":57}},{"start":{"line":134,"column":61},"end":{"line":134,"column":80}}],"line":134}},"s":{"0":0,"1":0,"2":0,"3":0,"4":0,"5":0,"6":0,"7":0,"8":0,"9":0,"10":0,"11":0,"12":0,"13":0,"14":0,"15":0,"16":0,"17":0,"18":0,"19":0,"20":0,"21":0,"22":0,"23":0,"24":0,"25":0,"26":0,"27":0,"28":0,"29":0,"30":0,"31":0,"32":0,"33":0,"34":0,"35":0,"36":0,"37":0,"38":0,"39":0,"40":0,"41":0,"42":0,"43":0,"44":0,"45":0,"46":0,"47":0,"48":0,"49":0,"50":0,"51":0,"52":0,"53":0,"54":0,"55":0,"56":0},"f":{"0":0,"1":0,"2":0,"3":0,"4":0,"5":0,"6":0,"7":0,"8":0,"9":0,"10":0,"11":0},"b":{"0":[0,0],"1":[0,0],"2":[0,0],"3":[0,0],"4":[0],"5":[0],"6":[0,0],"7":[0,0],"8":[0,0],"9":[0,0],"10":[0,0],"11":[0,0],"12":[0,0],"13":[0,0],"14":[0,0],"15":[0,0]}}
,"C:\\Users\\Shabeer Ahammed\\Fara-Ahmed\\govai-backend\\src\\utils\\apiResponse.js": {"path":"C:\\Users\\Shabeer Ahammed\\Fara-Ahmed\\govai-backend\\src\\utils\\apiResponse.js","statementMap":{"0":{"start":{"line":10,"column":4},"end":{"line":15,"column":7}},"1":{"start":{"line":22,"column":4},"end":{"line":27,"column":7}},"2":{"start":{"line":34,"column":4},"end":{"line":39,"column":7}},"3":{"start":{"line":46,"column":4},"end":{"line":50,"column":7}},"4":{"start":{"line":57,"column":20},"end":{"line":61,"column":5}},"5":{"start":{"line":63,"column":4},"end":{"line":65,"column":5}},"6":{"start":{"line":64,"column":6},"end":{"line":64,"column":49}},"7":{"start":{"line":66,"column":4},"end":{"line":66,"column":41}},"8":{"start":{"line":70,"column":0},"end":{"line":70,"column":29}}},"fnMap":{"0":{"name":"(anonymous_0)","decl":{"start":{"line":9,"column":2},"end":{"line":9,"column":3}},"loc":{"start":{"line":9,"column":54},"end":{"line":16,"column":3}},"line":9},"1":{"name":"(anonymous_1)","decl":{"start":{"line":21,"column":2},"end":{"line":21,"column":3}},"loc":{"start":{"line":21,"column":63},"end":{"line":28,"column":3}},"line":21},"2":{"name":"(anonymous_2)","decl":{"start":{"line":33,"column":2},"end":{"line":33,"column":3}},"loc":{"start":{"line":33,"column":66},"end":{"line":40,"column":3}},"line":33},"3":{"name":"(anonymous_3)","decl":{"start":{"line":45,"column":2},"end":{"line":45,"column":3}},"loc":{"start":{"line":45,"column":55},"end":{"line":51,"column":3}},"line":45},"4":{"name":"(anonymous_4)","decl":{"start":{"line":56,"column":2},"end":{"line":56,"column":3}},"loc":{"start":{"line":56,"column":67},"end":{"line":67,"column":3}},"line":56}},"branchMap":{"0":{"loc":{"start":{"line":9,"column":22},"end":{"line":9,"column":31}},"type":"default-arg","locations":[{"start":{"line":9,"column":29},"end":{"line":9,"column":31}}],"line":9},"1":{"loc":{"start":{"line":9,"column":33},"end":{"line":9,"column":52}},"type":"default-arg","locations":[{"start":{"line":9,"column":43},"end":{"line":9,"column":52}}],"line":9},"2":{"loc":{"start":{"line":21,"column":22},"end":{"line":21,"column":31}},"type":"default-arg","locations":[{"start":{"line":21,"column":29},"end":{"line":21,"column":31}}],"line":21},"3":{"loc":{"start":{"line":21,"column":33},"end":{"line":21,"column":61}},"type":"default-arg","locations":[{"start":{"line":21,"column":43},"end":{"line":21,"column":61}}],"line":21},"4":{"loc":{"start":{"line":33,"column":25},"end":{"line":33,"column":48}},"type":"default-arg","locations":[{"start":{"line":33,"column":35},"end":{"line":33,"column":48}}],"line":33},"5":{"loc":{"start":{"line":33,"column":50},"end":{"line":33,"column":64}},"type":"default-arg","locations":[{"start":{"line":33,"column":60},"end":{"line":33,"column":64}}],"line":33},"6":{"loc":{"start":{"line":45,"column":23},"end":{"line":45,"column":53}},"type":"default-arg","locations":[{"start":{"line":45,"column":33},"end":{"line":45,"column":53}}],"line":45},"7":{"loc":{"start":{"line":56,"column":20},"end":{"line":56,"column":53}},"type":"default-arg","locations":[{"start":{"line":56,"column":30},"end":{"line":56,"column":53}}],"line":56},"8":{"loc":{"start":{"line":56,"column":55},"end":{"line":56,"column":65}},"type":"default-arg","locations":[{"start":{"line":56,"column":61},"end":{"line":56,"column":65}}],"line":56},"9":{"loc":{"start":{"line":63,"column":4},"end":{"line":65,"column":5}},"type":"if","locations":[{"start":{"line":63,"column":4},"end":{"line":65,"column":5}},{"start":{},"end":{}}],"line":63},"10":{"loc":{"start":{"line":63,"column":8},"end":{"line":63,"column":52}},"type":"binary-expr","locations":[{"start":{"line":63,"column":8},"end":{"line":63,"column":11}},{"start":{"line":63,"column":15},"end":{"line":63,"column":52}}],"line":63},"11":{"loc":{"start":{"line":64,"column":22},"end":{"line":64,"column":48}},"type":"binary-expr","locations":[{"start":{"line":64,"column":22},"end":{"line":64,"column":33}},{"start":{"line":64,"column":37},"end":{"line":64,"column":48}}],"line":64}},"s":{"0":0,"1":0,"2":0,"3":0,"4":0,"5":0,"6":0,"7":0,"8":0},"f":{"0":0,"1":0,"2":0,"3":0,"4":0},"b":{"0":[0],"1":[0],"2":[0],"3":[0],"4":[0],"5":[0],"6":[0],"7":[0],"8":[0],"9":[0,0],"10":[0,0],"11":[0,0]}}
,"C:\\Users\\Shabeer Ahammed\\Fara-Ahmed\\govai-backend\\src\\utils\\logger.js": {"path":"C:\\Users\\Shabeer Ahammed\\Fara-Ahmed\\govai-backend\\src\\utils\\logger.js","statementMap":{"0":{"start":{"line":7,"column":45},"end":{"line":7,"column":63}},"1":{"start":{"line":8,"column":15},"end":{"line":8,"column":35}},"2":{"start":{"line":10,"column":63},"end":{"line":10,"column":69}},"3":{"start":{"line":13,"column":18},"end":{"line":21,"column":1}},"4":{"start":{"line":18,"column":18},"end":{"line":18,"column":76}},"5":{"start":{"line":19,"column":4},"end":{"line":19,"column":57}},"6":{"start":{"line":24,"column":19},"end":{"line":28,"column":1}},"7":{"start":{"line":30,"column":15},"end":{"line":40,"column":2}},"8":{"start":{"line":42,"column":0},"end":{"line":42,"column":24}}},"fnMap":{"0":{"name":"(anonymous_0)","decl":{"start":{"line":17,"column":9},"end":{"line":17,"column":10}},"loc":{"start":{"line":17,"column":53},"end":{"line":20,"column":3}},"line":17}},"branchMap":{"0":{"loc":{"start":{"line":18,"column":18},"end":{"line":18,"column":76}},"type":"cond-expr","locations":[{"start":{"line":18,"column":45},"end":{"line":18,"column":71}},{"start":{"line":18,"column":74},"end":{"line":18,"column":76}}],"line":18},"1":{"loc":{"start":{"line":31,"column":9},"end":{"line":31,"column":62}},"type":"cond-expr","locations":[{"start":{"line":31,"column":46},"end":{"line":31,"column":52}},{"start":{"line":31,"column":55},"end":{"line":31,"column":62}}],"line":31},"2":{"loc":{"start":{"line":32,"column":10},"end":{"line":32,"column":69}},"type":"cond-expr","locations":[{"start":{"line":32,"column":47},"end":{"line":32,"column":57}},{"start":{"line":32,"column":60},"end":{"line":32,"column":69}}],"line":32}},"s":{"0":1,"1":1,"2":1,"3":1,"4":5,"5":5,"6":1,"7":1,"8":1},"f":{"0":5},"b":{"0":[0,5],"1":[0,1],"2":[0,1]},"_coverageSchema":"1a1c01bbd47fc00a2c39e90264f33305004495a9","hash":"7a69421024d67707d57b10bc3d816e5593fe82fa"}
,"C:\\Users\\Shabeer Ahammed\\Fara-Ahmed\\govai-backend\\src\\utils\\retry.js": {"path":"C:\\Users\\Shabeer Ahammed\\Fara-Ahmed\\govai-backend\\src\\utils\\retry.js","statementMap":{"0":{"start":{"line":5,"column":15},"end":{"line":5,"column":34}},"1":{"start":{"line":19,"column":2},"end":{"line":37,"column":3}},"2":{"start":{"line":19,"column":21},"end":{"line":19,"column":22}},"3":{"start":{"line":20,"column":4},"end":{"line":36,"column":5}},"4":{"start":{"line":21,"column":21},"end":{"line":21,"column":31}},"5":{"start":{"line":22,"column":6},"end":{"line":24,"column":7}},"6":{"start":{"line":23,"column":8},"end":{"line":23,"column":64}},"7":{"start":{"line":25,"column":6},"end":{"line":25,"column":20}},"8":{"start":{"line":27,"column":6},"end":{"line":27,"column":22}},"9":{"start":{"line":28,"column":19},"end":{"line":28,"column":53}},"10":{"start":{"line":29,"column":6},"end":{"line":31,"column":9}},"11":{"start":{"line":33,"column":6},"end":{"line":35,"column":7}},"12":{"start":{"line":34,"column":8},"end":{"line":34,"column":64}},"13":{"start":{"line":34,"column":37},"end":{"line":34,"column":62}},"14":{"start":{"line":39,"column":2},"end":{"line":39,"column":93}},"15":{"start":{"line":40,"column":2},"end":{"line":40,"column":18}},"16":{"start":{"line":43,"column":0},"end":{"line":43,"column":31}}},"fnMap":{"0":{"name":"withRetry","decl":{"start":{"line":16,"column":15},"end":{"line":16,"column":24}},"loc":{"start":{"line":16,"column":82},"end":{"line":41,"column":1}},"line":16},"1":{"name":"(anonymous_1)","decl":{"start":{"line":34,"column":26},"end":{"line":34,"column":27}},"loc":{"start":{"line":34,"column":37},"end":{"line":34,"column":62}},"line":34}},"branchMap":{"0":{"loc":{"start":{"line":16,"column":29},"end":{"line":16,"column":43}},"type":"default-arg","locations":[{"start":{"line":16,"column":42},"end":{"line":16,"column":43}}],"line":16},"1":{"loc":{"start":{"line":16,"column":45},"end":{"line":16,"column":59}},"type":"default-arg","locations":[{"start":{"line":16,"column":55},"end":{"line":16,"column":59}}],"line":16},"2":{"loc":{"start":{"line":16,"column":61},"end":{"line":16,"column":80}},"type":"default-arg","locations":[{"start":{"line":16,"column":69},"end":{"line":16,"column":80}}],"line":16},"3":{"loc":{"start":{"line":22,"column":6},"end":{"line":24,"column":7}},"type":"if","locations":[{"start":{"line":22,"column":6},"end":{"line":24,"column":7}},{"start":{},"end":{}}],"line":22},"4":{"loc":{"start":{"line":33,"column":6},"end":{"line":35,"column":7}},"type":"if","locations":[{"start":{"line":33,"column":6},"end":{"line":35,"column":7}},{"start":{},"end":{}}],"line":33}},"s":{"0":1,"1":0,"2":0,"3":0,"4":0,"5":0,"6":0,"7":0,"8":0,"9":0,"10":0,"11":0,"12":0,"13":0,"14":0,"15":0,"16":1},"f":{"0":0,"1":0},"b":{"0":[0],"1":[0],"2":[0],"3":[0,0],"4":[0,0]},"_coverageSchema":"1a1c01bbd47fc00a2c39e90264f33305004495a9","hash":"1ff5069dc1c628aa709b22a168fc86369da132a4"}
}
