TN:
SF:src\controllers\callsController.js
FN:16,uploadCall
FN:56,(anonymous_1)
FN:82,processCall
FN:100,(anonymous_3)
FN:124,getCallLogs
FN:165,getCallById
FN:179,getCallStats
FN:220,(anonymous_7)
FN:237,(anonymous_8)
FNF:9
FNH:0
FNDA:0,uploadCall
FNDA:0,(anonymous_1)
FNDA:0,processCall
FNDA:0,(anonymous_3)
FNDA:0,getCallLogs
FNDA:0,getCallById
FNDA:0,getCallStats
FNDA:0,(anonymous_7)
FNDA:0,(anonymous_8)
DA:4,0
DA:5,0
DA:6,0
DA:7,0
DA:8,0
DA:9,0
DA:17,0
DA:18,0
DA:19,0
DA:22,0
DA:23,0
DA:26,0
DA:33,0
DA:50,0
DA:53,0
DA:54,0
DA:56,0
DA:59,0
DA:70,0
DA:71,0
DA:83,0
DA:84,0
DA:85,0
DA:87,0
DA:88,0
DA:90,0
DA:91,0
DA:93,0
DA:94,0
DA:97,0
DA:100,0
DA:102,0
DA:109,0
DA:110,0
DA:125,0
DA:130,0
DA:132,0
DA:133,0
DA:134,0
DA:135,0
DA:137,0
DA:138,0
DA:139,0
DA:140,0
DA:146,0
DA:156,0
DA:157,0
DA:166,0
DA:167,0
DA:168,0
DA:169,0
DA:171,0
DA:180,0
DA:181,0
DA:182,0
DA:185,0
DA:197,0
DA:198,0
DA:208,0
DA:209,0
DA:220,0
DA:226,0
DA:237,0
DA:243,0
DA:254,0
DA:255,0
DA:259,0
LF:67
LH:0
BRDA:18,0,0,0
BRDA:18,0,1,0
BRDA:22,1,0,0
BRDA:22,2,0,0
BRDA:22,3,0,0
BRDA:53,4,0,0
BRDA:53,4,1,0
BRDA:65,5,0,0
BRDA:65,5,1,0
BRDA:85,6,0,0
BRDA:85,6,1,0
BRDA:88,7,0,0
BRDA:88,7,1,0
BRDA:90,8,0,0
BRDA:90,8,1,0
BRDA:93,9,0,0
BRDA:93,9,1,0
BRDA:128,10,0,0
BRDA:129,11,0,0
BRDA:133,12,0,0
BRDA:133,12,1,0
BRDA:134,13,0,0
BRDA:134,13,1,0
BRDA:135,14,0,0
BRDA:135,14,1,0
BRDA:168,15,0,0
BRDA:168,15,1,0
BRDA:199,16,0,0
BRDA:199,16,1,0
BRDA:200,17,0,0
BRDA:200,17,1,0
BRDA:201,18,0,0
BRDA:201,18,1,0
BRDA:202,19,0,0
BRDA:202,19,1,0
BRDA:204,20,0,0
BRDA:204,20,1,0
BRDA:221,21,0,0
BRDA:221,21,1,0
BRDA:221,22,0,0
BRDA:221,22,1,0
BRDA:238,23,0,0
BRDA:238,23,1,0
BRDA:239,24,0,0
BRDA:239,24,1,0
BRDA:246,25,0,0
BRDA:246,25,1,0
BRF:47
BRH:0
end_of_record
TN:
SF:src\controllers\deliveryController.js
FN:11,createOrder
FN:39,updateOrder
FN:59,getOrders
FNF:3
FNH:0
FNDA:0,createOrder
FNDA:0,updateOrder
FNDA:0,getOrders
DA:4,0
DA:5,0
DA:6,0
DA:7,0
DA:8,0
DA:12,0
DA:17,0
DA:19,0
DA:20,0
DA:21,0
DA:24,0
DA:30,0
DA:31,0
DA:33,0
DA:34,0
DA:40,0
DA:41,0
DA:42,0
DA:44,0
DA:50,0
DA:51,0
DA:53,0
DA:54,0
DA:60,0
DA:61,0
DA:62,0
DA:63,0
DA:64,0
DA:66,0
DA:67,0
DA:68,0
DA:69,0
DA:75,0
DA:80,0
DA:84,0
LF:35
LH:0
BRDA:14,0,0,0
BRDA:15,1,0,0
BRDA:16,2,0,0
BRDA:20,3,0,0
BRDA:20,3,1,0
BRDA:42,4,0,0
BRDA:42,4,1,0
BRDA:47,5,0,0
BRDA:47,5,1,0
BRDA:53,6,0,0
BRDA:53,6,1,0
BRDA:61,7,0,0
BRDA:61,8,0,0
BRDA:63,9,0,0
BRDA:63,9,1,0
BRDA:64,10,0,0
BRDA:64,10,1,0
BRF:17
BRH:0
end_of_record
TN:
SF:src\controllers\ticketController.js
FN:6,createTicket
FN:35,getTickets
FN:62,updateTicket
FNF:3
FNH:0
FNDA:0,createTicket
FNDA:0,getTickets
FNDA:0,updateTicket
DA:1,0
DA:2,0
DA:3,0
DA:4,0
DA:7,0
DA:8,0
DA:27,0
DA:28,0
DA:30,0
DA:31,0
DA:36,0
DA:37,0
DA:38,0
DA:39,0
DA:40,0
DA:41,0
DA:42,0
DA:44,0
DA:45,0
DA:46,0
DA:47,0
DA:53,0
DA:58,0
DA:63,0
DA:64,0
DA:65,0
DA:67,0
DA:68,0
DA:70,0
DA:71,0
DA:72,0
DA:78,0
DA:79,0
DA:81,0
DA:85,0
LF:35
LH:0
BRDA:10,0,0,0
BRDA:10,0,1,0
BRDA:11,1,0,0
BRDA:11,1,1,0
BRDA:13,2,0,0
BRDA:13,2,1,0
BRDA:14,3,0,0
BRDA:14,3,1,0
BRDA:19,4,0,0
BRDA:19,4,1,0
BRDA:21,5,0,0
BRDA:21,5,1,0
BRDA:27,6,0,0
BRDA:27,6,1,0
BRDA:37,7,0,0
BRDA:37,8,0,0
BRDA:39,9,0,0
BRDA:39,9,1,0
BRDA:40,10,0,0
BRDA:40,10,1,0
BRDA:41,11,0,0
BRDA:41,11,1,0
BRDA:42,12,0,0
BRDA:42,12,1,0
BRDA:64,13,0,0
BRDA:65,14,0,0
BRDA:65,14,1,0
BRDA:68,15,0,0
BRDA:68,15,1,0
BRDA:70,16,0,0
BRDA:70,16,1,0
BRDA:71,17,0,0
BRDA:71,17,1,0
BRDA:73,18,0,0
BRDA:73,18,1,0
BRDA:75,19,0,0
BRDA:75,19,1,0
BRF:37
BRH:0
end_of_record
TN:
SF:src\services\agentPipeline.js
FN:8,extractClaimsQuick
FN:25,runAgentPromptPipeline
FN:69,(anonymous_2)
FN:77,endPipelineSession
FNF:4
FNH:0
FNDA:0,extractClaimsQuick
FNDA:0,runAgentPromptPipeline
FNDA:0,(anonymous_2)
FNDA:0,endPipelineSession
DA:2,0
DA:3,0
DA:4,0
DA:6,0
DA:9,0
DA:10,0
DA:11,0
DA:13,0
DA:14,0
DA:15,0
DA:16,0
DA:17,0
DA:18,0
DA:22,0
DA:26,0
DA:27,0
DA:29,0
DA:32,0
DA:33,0
DA:35,0
DA:37,0
DA:38,0
DA:40,0
DA:41,0
DA:42,0
DA:43,0
DA:44,0
DA:48,0
DA:49,0
DA:50,0
DA:52,0
DA:53,0
DA:54,0
DA:55,0
DA:57,0
DA:66,0
DA:67,0
DA:68,0
DA:69,0
DA:73,0
DA:78,0
DA:81,0
LF:42
LH:0
BRDA:9,0,0,0
BRDA:9,0,1,0
BRDA:14,1,0,0
BRDA:14,1,1,0
BRDA:15,2,0,0
BRDA:15,2,1,0
BRDA:17,3,0,0
BRDA:17,3,1,0
BRDA:22,4,0,0
BRDA:22,4,1,0
BRDA:22,5,0,0
BRDA:22,5,1,0
BRDA:26,6,0,0
BRDA:26,6,1,0
BRDA:32,7,0,0
BRDA:32,7,1,0
BRDA:32,8,0,0
BRDA:32,8,1,0
BRDA:40,9,0,0
BRDA:40,9,1,0
BRDA:40,10,0,0
BRDA:40,10,1,0
BRDA:42,11,0,0
BRDA:42,11,1,0
BRDA:48,12,0,0
BRDA:48,12,1,0
BRDA:52,13,0,0
BRDA:52,13,1,0
BRDA:52,14,0,0
BRDA:52,14,1,0
BRDA:52,14,2,0
BRDA:61,15,0,0
BRDA:61,15,1,0
BRDA:62,16,0,0
BRDA:62,16,1,0
BRDA:68,17,0,0
BRDA:68,17,1,0
BRDA:68,18,0,0
BRDA:68,18,1,0
BRDA:68,18,2,0
BRF:40
BRH:0
end_of_record
TN:
SF:src\services\agentPromptService.js
FN:39,buildVerificationPrompt
FN:78,buildResponsePrompt
FN:83,(anonymous_2)
FN:93,(anonymous_3)
FN:141,buildExtractionPrompt
FN:180,runAgentPromptPipeline
FN:208,(anonymous_6)
FN:288,callOllama
FN:300,parseJSON
FN:313,sanitizeOrderForVerification
FNF:10
FNH:0
FNDA:0,buildVerificationPrompt
FNDA:0,buildResponsePrompt
FNDA:0,(anonymous_2)
FNDA:0,(anonymous_3)
FNDA:0,buildExtractionPrompt
FNDA:0,runAgentPromptPipeline
FNDA:0,(anonymous_6)
FNDA:0,callOllama
FNDA:0,parseJSON
FNDA:0,sanitizeOrderForVerification
DA:5,0
DA:8,0
DA:19,0
DA:40,0
DA:79,0
DA:83,0
DA:92,0
DA:93,0
DA:96,0
DA:142,0
DA:189,0
DA:190,0
DA:191,0
DA:192,0
DA:193,0
DA:195,0
DA:199,0
DA:200,0
DA:208,0
DA:209,0
DA:210,0
DA:219,0
DA:220,0
DA:225,0
DA:226,0
DA:228,0
DA:234,0
DA:247,0
DA:248,0
DA:258,0
DA:259,0
DA:266,0
DA:267,0
DA:269,0
DA:276,0
DA:277,0
DA:289,0
DA:295,0
DA:296,0
DA:297,0
DA:301,0
DA:302,0
DA:303,0
DA:305,0
DA:314,0
DA:323,0
LF:46
LH:0
BRDA:79,0,0,0
BRDA:79,0,1,0
BRDA:88,1,0,0
BRDA:88,1,1,0
BRDA:89,2,0,0
BRDA:89,2,1,0
BRDA:92,3,0,0
BRDA:92,3,1,0
BRDA:106,4,0,0
BRDA:106,4,1,0
BRDA:107,5,0,0
BRDA:107,5,1,0
BRDA:184,6,0,0
BRDA:192,7,0,0
BRDA:192,7,1,0
BRDA:199,8,0,0
BRDA:199,8,1,0
BRDA:208,9,0,0
BRDA:208,9,1,0
BRDA:209,10,0,0
BRDA:209,10,1,0
BRDA:223,11,0,0
BRDA:223,11,1,0
BRDA:226,12,0,0
BRDA:226,12,1,0
BRDA:228,13,0,0
BRDA:228,13,1,0
BRDA:230,14,0,0
BRDA:230,14,1,0
BRDA:267,15,0,0
BRDA:267,15,1,0
BRDA:295,16,0,0
BRDA:295,16,1,0
BRDA:297,17,0,0
BRDA:297,17,1,0
BRDA:303,18,0,0
BRDA:303,18,1,0
BRDA:315,19,0,0
BRDA:315,19,1,0
BRDA:316,20,0,0
BRDA:316,20,1,0
BRDA:317,21,0,0
BRDA:317,21,1,0
BRDA:318,22,0,0
BRDA:318,22,1,0
BRDA:319,23,0,0
BRDA:319,23,1,0
BRF:47
BRH:0
end_of_record
TN:
SF:src\services\bedrockService.js
FN:16,getClient
FN:33,buildPrompt
FN:64,mockAnalyze
FN:66,(anonymous_3)
FN:110,realAnalyze
FN:126,(anonymous_5)
FN:161,analyzeTranscript
FNF:7
FNH:3
FNDA:0,getClient
FNDA:0,buildPrompt
FNDA:5,mockAnalyze
FNDA:5,(anonymous_3)
FNDA:0,realAnalyze
FNDA:0,(anonymous_5)
FNDA:6,analyzeTranscript
DA:9,1
DA:10,1
DA:11,1
DA:12,1
DA:15,1
DA:17,0
DA:18,0
DA:25,0
DA:34,0
DA:55,0
DA:57,0
DA:65,5
DA:66,5
DA:68,5
DA:70,5
DA:71,5
DA:72,5
DA:73,5
DA:74,5
DA:77,5
DA:78,1
DA:79,4
DA:80,1
DA:81,3
DA:82,0
DA:83,3
DA:84,0
DA:85,3
DA:86,1
DA:90,5
DA:91,5
DA:92,5
DA:93,5
DA:94,5
DA:96,5
DA:97,5
DA:98,5
DA:99,5
DA:100,5
DA:102,5
DA:106,5
DA:111,0
DA:112,0
DA:115,0
DA:125,0
DA:126,0
DA:138,0
DA:139,0
DA:140,0
DA:142,0
DA:145,0
DA:146,0
DA:147,0
DA:150,0
DA:151,0
DA:152,0
DA:162,6
DA:163,1
DA:166,5
DA:168,0
DA:169,0
DA:171,0
DA:172,0
DA:176,1
LF:64
LH:37
BRDA:17,0,0,0
BRDA:17,0,1,0
BRDA:20,1,0,0
BRDA:20,1,1,0
BRDA:77,2,0,1
BRDA:77,2,1,4
BRDA:77,3,0,5
BRDA:77,3,1,4
BRDA:77,3,2,4
BRDA:79,4,0,1
BRDA:79,4,1,3
BRDA:79,5,0,4
BRDA:79,5,1,3
BRDA:79,5,2,3
BRDA:81,6,0,0
BRDA:81,6,1,3
BRDA:81,7,0,3
BRDA:81,7,1,3
BRDA:81,7,2,3
BRDA:81,7,3,3
BRDA:83,8,0,0
BRDA:83,8,1,3
BRDA:83,9,0,3
BRDA:83,9,1,3
BRDA:85,10,0,1
BRDA:85,10,1,2
BRDA:85,11,0,3
BRDA:85,11,1,2
BRDA:85,11,2,2
BRDA:85,11,3,2
BRDA:96,12,0,4
BRDA:96,12,1,1
BRDA:97,13,0,1
BRDA:97,13,1,4
BRDA:98,14,0,1
BRDA:98,14,1,4
BRDA:99,15,0,1
BRDA:99,15,1,4
BRDA:100,16,0,0
BRDA:100,16,1,5
BRDA:103,17,0,4
BRDA:103,17,1,1
BRDA:140,18,0,0
BRDA:140,18,1,0
BRDA:151,19,0,0
BRDA:151,19,1,0
BRDA:162,20,0,1
BRDA:162,20,1,5
BRDA:162,21,0,6
BRDA:162,21,1,5
BRDA:166,22,0,5
BRDA:166,22,1,0
BRF:52
BRH:40
end_of_record
TN:
SF:src\services\deliveryService.js
FN:13,mockSend
FN:15,(anonymous_1)
FN:35,sendToDelivery
FN:64,(anonymous_3)
FN:115,updateDeliveryOrder
FNF:5
FNH:0
FNDA:0,mockSend
FNDA:0,(anonymous_1)
FNDA:0,sendToDelivery
FNDA:0,(anonymous_3)
FNDA:0,updateDeliveryOrder
DA:5,0
DA:6,0
DA:7,0
DA:8,0
DA:9,0
DA:10,0
DA:14,0
DA:15,0
DA:17,0
DA:39,0
DA:42,0
DA:60,0
DA:61,0
DA:63,0
DA:65,0
DA:69,0
DA:78,0
DA:79,0
DA:80,0
DA:102,0
DA:105,0
DA:108,0
DA:109,0
DA:116,0
DA:117,0
DA:119,0
DA:120,0
DA:121,0
DA:123,0
DA:124,0
DA:131,0
DA:132,0
DA:135,0
LF:33
LH:0
BRDA:37,0,0,0
BRDA:45,1,0,0
BRDA:45,1,1,0
BRDA:46,2,0,0
BRDA:46,2,1,0
BRDA:47,3,0,0
BRDA:47,3,1,0
BRDA:48,4,0,0
BRDA:48,4,1,0
BRDA:60,5,0,0
BRDA:60,5,1,0
BRDA:79,6,0,0
BRDA:79,6,1,0
BRDA:86,7,0,0
BRDA:86,7,1,0
BRDA:87,8,0,0
BRDA:87,8,1,0
BRDA:91,9,0,0
BRDA:91,9,1,0
BRDA:94,10,0,0
BRDA:94,10,1,0
BRDA:115,11,0,0
BRDA:117,12,0,0
BRDA:117,12,1,0
BRDA:123,13,0,0
BRDA:123,13,1,0
BRDA:123,14,0,0
BRDA:123,14,1,0
BRDA:127,15,0,0
BRDA:127,15,1,0
BRF:30
BRH:0
end_of_record
TN:
SF:src\services\governanceService.js
FN:57,checkConfidence
FN:72,checkOrderId
FN:87,checkAbuse
FN:89,(anonymous_3)
FN:100,checkLegalThreat
FN:102,(anonymous_5)
FN:111,checkIntent
FN:119,checkUrgency
FN:132,maskSensitiveData
FN:154,evaluateGovernance
FN:180,(anonymous_10)
FNF:11
FNH:0
FNDA:0,checkConfidence
FNDA:0,checkOrderId
FNDA:0,checkAbuse
FNDA:0,(anonymous_3)
FNDA:0,checkLegalThreat
FNDA:0,(anonymous_5)
FNDA:0,checkIntent
FNDA:0,checkUrgency
FNDA:0,maskSensitiveData
FNDA:0,evaluateGovernance
FNDA:0,(anonymous_10)
DA:15,0
DA:16,0
DA:19,0
DA:30,0
DA:37,0
DA:43,0
DA:58,0
DA:59,0
DA:61,0
DA:62,0
DA:63,0
DA:64,0
DA:65,0
DA:66,0
DA:68,0
DA:73,0
DA:74,0
DA:78,0
DA:79,0
DA:80,0
DA:81,0
DA:83,0
DA:88,0
DA:89,0
DA:90,0
DA:91,0
DA:92,0
DA:93,0
DA:94,0
DA:96,0
DA:101,0
DA:102,0
DA:103,0
DA:104,0
DA:105,0
DA:106,0
DA:112,0
DA:113,0
DA:114,0
DA:120,0
DA:121,0
DA:133,0
DA:134,0
DA:136,0
DA:137,0
DA:138,0
DA:139,0
DA:142,0
DA:155,0
DA:156,0
DA:157,0
DA:158,0
DA:161,0
DA:162,0
DA:163,0
DA:164,0
DA:165,0
DA:166,0
DA:169,0
DA:170,0
DA:173,0
DA:174,0
DA:175,0
DA:176,0
DA:180,0
DA:181,0
DA:183,0
DA:189,0
DA:197,0
DA:204,0
DA:207,0
LF:71
LH:0
BRDA:61,0,0,0
BRDA:61,0,1,0
BRDA:74,1,0,0
BRDA:74,1,1,0
BRDA:75,2,0,0
BRDA:75,2,1,0
BRDA:75,2,2,0
BRDA:90,3,0,0
BRDA:90,3,1,0
BRDA:103,4,0,0
BRDA:103,4,1,0
BRDA:112,5,0,0
BRDA:112,5,1,0
BRDA:112,6,0,0
BRDA:112,6,1,0
BRDA:120,7,0,0
BRDA:120,7,1,0
BRDA:139,8,0,0
BRDA:139,8,1,0
BRDA:154,9,0,0
BRDA:170,10,0,0
BRDA:170,10,1,0
BRDA:173,11,0,0
BRDA:173,11,1,0
BRDA:175,12,0,0
BRDA:175,12,1,0
BRDA:175,13,0,0
BRDA:175,13,1,0
BRDA:175,13,2,0
BRDA:183,14,0,0
BRDA:183,14,1,0
BRDA:185,15,0,0
BRDA:185,15,1,0
BRF:33
BRH:0
end_of_record
TN:
SF:src\services\issueTicketService.js
FN:18,priorityFrom
FN:26,shouldCreateTicket
FN:32,initiateIssueTicket
FNF:3
FNH:0
FNDA:0,priorityFrom
FNDA:0,shouldCreateTicket
FNDA:0,initiateIssueTicket
DA:1,0
DA:2,0
DA:3,0
DA:4,0
DA:5,0
DA:7,0
DA:19,0
DA:20,0
DA:21,0
DA:22,0
DA:23,0
DA:27,0
DA:28,0
DA:29,0
DA:39,0
DA:41,0
DA:42,0
DA:43,0
DA:44,0
DA:45,0
DA:50,0
DA:57,0
DA:102,0
DA:103,0
DA:115,0
DA:120,0
DA:121,0
DA:124,0
LF:28
LH:0
BRDA:18,0,0,0
BRDA:19,1,0,0
BRDA:19,1,1,0
BRDA:19,2,0,0
BRDA:19,2,1,0
BRDA:20,3,0,0
BRDA:20,3,1,0
BRDA:20,4,0,0
BRDA:20,4,1,0
BRDA:21,5,0,0
BRDA:21,5,1,0
BRDA:22,6,0,0
BRDA:22,6,1,0
BRDA:26,7,0,0
BRDA:28,8,0,0
BRDA:28,8,1,0
BRDA:28,9,0,0
BRDA:28,9,1,0
BRDA:28,9,2,0
BRDA:37,10,0,0
BRDA:39,11,0,0
BRDA:39,11,1,0
BRDA:41,12,0,0
BRDA:41,12,1,0
BRDA:41,12,2,0
BRDA:41,12,3,0
BRDA:43,13,0,0
BRDA:43,13,1,0
BRDA:43,13,2,0
BRDA:44,14,0,0
BRDA:44,14,1,0
BRDA:64,15,0,0
BRDA:64,15,1,0
BRDA:64,15,2,0
BRDA:64,15,3,0
BRDA:66,16,0,0
BRDA:66,16,1,0
BRDA:66,16,2,0
BRDA:67,17,0,0
BRDA:67,17,1,0
BRDA:67,17,2,0
BRDA:68,18,0,0
BRDA:68,18,1,0
BRDA:68,18,2,0
BRDA:78,19,0,0
BRDA:78,19,1,0
BRDA:78,19,2,0
BRDA:81,20,0,0
BRDA:81,20,1,0
BRDA:81,21,0,0
BRDA:81,21,1,0
BRDA:81,22,0,0
BRDA:81,22,1,0
BRDA:85,23,0,0
BRDA:85,23,1,0
BRDA:86,24,0,0
BRDA:86,24,1,0
BRDA:86,24,2,0
BRDA:89,25,0,0
BRDA:89,25,1,0
BRDA:91,26,0,0
BRDA:91,26,1,0
BRDA:92,27,0,0
BRDA:92,27,1,0
BRDA:96,28,0,0
BRDA:96,28,1,0
BRDA:102,29,0,0
BRDA:102,29,1,0
BRDA:102,30,0,0
BRDA:102,30,1,0
BRF:70
BRH:0
end_of_record
TN:
SF:src\services\liveStreamService.js
FN:28,initCall
FN:43,endCall
FN:49,liveRoom
FN:53,emitLive
FN:58,transcribeChunk
FN:79,extractClaimsQuick
FN:88,lookupOrderFromClaims
FN:111,processLiveChunk
FN:128,(anonymous_8)
FN:151,(anonymous_9)
FN:308,(anonymous_10)
FNF:11
FNH:0
FNDA:0,initCall
FNDA:0,endCall
FNDA:0,liveRoom
FNDA:0,emitLive
FNDA:0,transcribeChunk
FNDA:0,extractClaimsQuick
FNDA:0,lookupOrderFromClaims
FNDA:0,processLiveChunk
FNDA:0,(anonymous_8)
FNDA:0,(anonymous_9)
FNDA:0,(anonymous_10)
DA:5,0
DA:6,0
DA:7,0
DA:8,0
DA:9,0
DA:10,0
DA:11,0
DA:12,0
DA:13,0
DA:16,0
DA:17,0
DA:19,0
DA:29,0
DA:30,0
DA:31,0
DA:39,0
DA:44,0
DA:45,0
DA:46,0
DA:50,0
DA:54,0
DA:59,0
DA:60,0
DA:61,0
DA:62,0
DA:64,0
DA:69,0
DA:80,0
DA:89,0
DA:90,0
DA:91,0
DA:92,0
DA:93,0
DA:94,0
DA:95,0
DA:96,0
DA:102,0
DA:103,0
DA:105,0
DA:106,0
DA:112,0
DA:113,0
DA:114,0
DA:117,0
DA:118,0
DA:119,0
DA:122,0
DA:125,0
DA:126,0
DA:127,0
DA:128,0
DA:130,0
DA:131,0
DA:134,0
DA:136,0
DA:137,0
DA:140,0
DA:143,0
DA:144,0
DA:145,0
DA:147,0
DA:149,0
DA:150,0
DA:151,0
DA:152,0
DA:153,0
DA:154,0
DA:155,0
DA:156,0
DA:162,0
DA:172,0
DA:173,0
DA:174,0
DA:175,0
DA:176,0
DA:185,0
DA:186,0
DA:187,0
DA:233,0
DA:235,0
DA:238,0
DA:239,0
DA:240,0
DA:241,0
DA:250,0
DA:254,0
DA:283,0
DA:284,0
DA:297,0
DA:298,0
DA:307,0
DA:308,0
DA:309,0
DA:313,0
DA:314,0
DA:318,0
DA:319,0
DA:327,0
LF:98
LH:0
BRDA:30,0,0,0
BRDA:30,0,1,0
BRDA:62,1,0,0
BRDA:62,1,1,0
BRDA:67,2,0,0
BRDA:67,2,1,0
BRDA:67,2,2,0
BRDA:81,3,0,0
BRDA:81,3,1,0
BRDA:81,4,0,0
BRDA:81,4,1,0
BRDA:82,5,0,0
BRDA:82,5,1,0
BRDA:82,6,0,0
BRDA:82,6,1,0
BRDA:83,7,0,0
BRDA:83,7,1,0
BRDA:83,8,0,0
BRDA:83,8,1,0
BRDA:92,9,0,0
BRDA:92,9,1,0
BRDA:93,10,0,0
BRDA:93,10,1,0
BRDA:94,11,0,0
BRDA:94,11,1,0
BRDA:102,12,0,0
BRDA:102,12,1,0
BRDA:112,13,0,0
BRDA:112,13,1,0
BRDA:122,14,0,0
BRDA:122,14,1,0
BRDA:126,15,0,0
BRDA:126,15,1,0
BRDA:131,16,0,0
BRDA:131,16,1,0
BRDA:134,17,0,0
BRDA:134,17,1,0
BRDA:144,18,0,0
BRDA:144,18,1,0
BRDA:149,19,0,0
BRDA:149,19,1,0
BRDA:152,20,0,0
BRDA:152,20,1,0
BRDA:154,21,0,0
BRDA:154,21,1,0
BRDA:172,22,0,0
BRDA:172,22,1,0
BRDA:175,23,0,0
BRDA:175,23,1,0
BRDA:186,24,0,0
BRDA:186,24,1,0
BRDA:192,25,0,0
BRDA:192,25,1,0
BRDA:192,25,2,0
BRDA:192,25,3,0
BRDA:193,26,0,0
BRDA:193,26,1,0
BRDA:193,26,2,0
BRDA:196,27,0,0
BRDA:196,27,1,0
BRDA:197,28,0,0
BRDA:197,28,1,0
BRDA:197,28,2,0
BRDA:199,29,0,0
BRDA:199,29,1,0
BRDA:199,29,2,0
BRDA:200,30,0,0
BRDA:200,30,1,0
BRDA:200,30,2,0
BRDA:201,31,0,0
BRDA:201,31,1,0
BRDA:201,31,2,0
BRDA:202,32,0,0
BRDA:202,32,1,0
BRDA:202,32,2,0
BRDA:206,33,0,0
BRDA:206,33,1,0
BRDA:207,34,0,0
BRDA:207,34,1,0
BRDA:208,35,0,0
BRDA:208,35,1,0
BRDA:209,36,0,0
BRDA:209,36,1,0
BRDA:209,36,2,0
BRDA:210,37,0,0
BRDA:210,37,1,0
BRDA:213,38,0,0
BRDA:213,38,1,0
BRDA:216,39,0,0
BRDA:216,39,1,0
BRDA:216,39,2,0
BRDA:217,40,0,0
BRDA:217,40,1,0
BRDA:217,40,2,0
BRDA:218,41,0,0
BRDA:218,41,1,0
BRDA:218,41,2,0
BRDA:219,42,0,0
BRDA:219,42,1,0
BRDA:219,42,2,0
BRDA:220,43,0,0
BRDA:220,43,1,0
BRDA:221,44,0,0
BRDA:221,44,1,0
BRDA:224,45,0,0
BRDA:224,45,1,0
BRDA:225,46,0,0
BRDA:225,46,1,0
BRDA:225,46,2,0
BRDA:226,47,0,0
BRDA:226,47,1,0
BRDA:229,48,0,0
BRDA:229,48,1,0
BRDA:229,48,2,0
BRDA:240,49,0,0
BRDA:240,49,1,0
BRDA:261,50,0,0
BRDA:261,50,1,0
BRDA:262,51,0,0
BRDA:262,51,1,0
BRDA:263,52,0,0
BRDA:263,52,1,0
BRDA:264,53,0,0
BRDA:264,53,1,0
BRDA:265,54,0,0
BRDA:265,54,1,0
BRDA:267,55,0,0
BRDA:267,55,1,0
BRDA:268,56,0,0
BRDA:268,56,1,0
BRDA:269,57,0,0
BRDA:269,57,1,0
BRDA:270,58,0,0
BRDA:270,58,1,0
BRDA:271,59,0,0
BRDA:271,59,1,0
BRDA:272,60,0,0
BRDA:272,60,1,0
BRDA:273,61,0,0
BRDA:273,61,1,0
BRDA:274,62,0,0
BRDA:274,62,1,0
BRDA:275,63,0,0
BRDA:275,63,1,0
BRDA:283,64,0,0
BRDA:283,64,1,0
BRDA:297,65,0,0
BRDA:297,65,1,0
BRDA:313,66,0,0
BRDA:313,66,1,0
BRF:150
BRH:0
end_of_record
TN:
SF:src\services\ollamaService.js
FN:7,queryOllama
FN:26,(anonymous_1)
FN:47,extractClaims
FN:49,(anonymous_3)
FN:66,verifyClaims
FN:68,(anonymous_5)
FN:94,assistAgent
FN:96,(anonymous_7)
FNF:8
FNH:0
FNDA:0,queryOllama
FNDA:0,(anonymous_1)
FNDA:0,extractClaims
FNDA:0,(anonymous_3)
FNDA:0,verifyClaims
FNDA:0,(anonymous_5)
FNDA:0,assistAgent
FNDA:0,(anonymous_7)
DA:2,0
DA:3,0
DA:4,0
DA:5,0
DA:8,0
DA:9,0
DA:12,0
DA:23,0
DA:25,0
DA:26,0
DA:32,0
DA:33,0
DA:35,0
DA:36,0
DA:37,0
DA:39,0
DA:40,0
DA:41,0
DA:44,0
DA:48,0
DA:49,0
DA:50,0
DA:51,0
DA:57,0
DA:62,0
DA:63,0
DA:67,0
DA:68,0
DA:69,0
DA:70,0
DA:71,0
DA:72,0
DA:84,0
DA:90,0
DA:91,0
DA:95,0
DA:96,0
DA:97,0
DA:99,0
DA:100,0
DA:101,0
DA:102,0
DA:103,0
DA:105,0
DA:106,0
DA:107,0
DA:108,0
DA:110,0
DA:111,0
DA:112,0
DA:115,0
DA:121,0
DA:131,0
DA:132,0
DA:135,0
LF:55
LH:0
BRDA:7,0,0,0
BRDA:8,1,0,0
BRDA:8,1,1,0
BRDA:14,2,0,0
BRDA:14,2,1,0
BRDA:32,3,0,0
BRDA:32,3,1,0
BRDA:35,4,0,0
BRDA:35,4,1,0
BRDA:40,5,0,0
BRDA:40,5,1,0
BRDA:48,6,0,0
BRDA:48,6,1,0
BRDA:52,7,0,0
BRDA:52,7,1,0
BRDA:52,8,0,0
BRDA:52,8,1,0
BRDA:52,8,2,0
BRDA:52,8,3,0
BRDA:53,9,0,0
BRDA:53,9,1,0
BRDA:53,10,0,0
BRDA:53,10,1,0
BRDA:63,11,0,0
BRDA:63,11,1,0
BRDA:67,12,0,0
BRDA:67,12,1,0
BRDA:71,13,0,0
BRDA:71,13,1,0
BRDA:78,14,0,0
BRDA:78,14,1,0
BRDA:80,15,0,0
BRDA:80,15,1,0
BRDA:90,16,0,0
BRDA:90,16,1,0
BRDA:90,17,0,0
BRDA:90,17,1,0
BRDA:91,18,0,0
BRDA:91,18,1,0
BRDA:95,19,0,0
BRDA:95,19,1,0
BRDA:105,20,0,0
BRDA:105,20,1,0
BRDA:110,21,0,0
BRDA:110,21,1,0
BRDA:131,22,0,0
BRDA:131,22,1,0
BRDA:132,23,0,0
BRDA:132,23,1,0
BRF:49
BRH:0
end_of_record
TN:
SF:src\services\pipelineService.js
FN:25,recordStage
FN:39,emit
FN:53,runPipeline
FNF:3
FNH:0
FNDA:0,recordStage
FNDA:0,emit
FNDA:0,runPipeline
DA:10,0
DA:11,0
DA:12,0
DA:13,0
DA:14,0
DA:15,0
DA:26,0
DA:33,0
DA:40,0
DA:41,0
DA:54,0
DA:55,0
DA:57,0
DA:58,0
DA:60,0
DA:61,0
DA:64,0
DA:66,0
DA:67,0
DA:68,0
DA:69,0
DA:70,0
DA:72,0
DA:73,0
DA:74,0
DA:75,0
DA:77,0
DA:78,0
DA:79,0
DA:81,0
DA:82,0
DA:83,0
DA:84,0
DA:85,0
DA:86,0
DA:87,0
DA:92,0
DA:94,0
DA:95,0
DA:96,0
DA:97,0
DA:99,0
DA:106,0
DA:107,0
DA:108,0
DA:110,0
DA:111,0
DA:112,0
DA:113,0
DA:114,0
DA:115,0
DA:120,0
DA:122,0
DA:123,0
DA:124,0
DA:125,0
DA:127,0
DA:134,0
DA:136,0
DA:140,0
DA:143,0
DA:144,0
DA:150,0
DA:151,0
DA:153,0
DA:155,0
DA:156,0
DA:157,0
DA:159,0
DA:160,0
DA:170,0
DA:177,0
DA:178,0
DA:180,0
DA:181,0
DA:182,0
DA:183,0
DA:189,0
DA:190,0
DA:191,0
DA:193,0
DA:200,0
DA:201,0
DA:204,0
LF:84
LH:0
BRDA:40,0,0,0
BRDA:40,0,1,0
BRDA:53,1,0,0
BRDA:55,2,0,0
BRDA:55,2,1,0
BRDA:153,3,0,0
BRDA:153,3,1,0
BRF:7
BRH:0
end_of_record
TN:
SF:src\services\s3Service.js
FN:15,getS3Client
FN:28,(anonymous_1)
FN:31,(anonymous_2)
FN:40,(anonymous_3)
FN:41,(anonymous_4)
FN:54,uploadAudio
FN:63,(anonymous_6)
FN:85,getPresignedUrl
FN:97,deleteObject
FN:105,(anonymous_9)
FN:118,downloadAudio
FN:126,(anonymous_11)
FNF:12
FNH:0
FNDA:0,getS3Client
FNDA:0,(anonymous_1)
FNDA:0,(anonymous_2)
FNDA:0,(anonymous_3)
FNDA:0,(anonymous_4)
FNDA:0,uploadAudio
FNDA:0,(anonymous_6)
FNDA:0,getPresignedUrl
FNDA:0,deleteObject
FNDA:0,(anonymous_9)
FNDA:0,downloadAudio
FNDA:0,(anonymous_11)
DA:5,0
DA:6,0
DA:7,0
DA:8,0
DA:9,0
DA:10,0
DA:13,0
DA:16,0
DA:17,0
DA:24,0
DA:28,0
DA:29,0
DA:30,0
DA:31,0
DA:32,0
DA:40,0
DA:41,0
DA:42,0
DA:55,0
DA:56,0
DA:59,0
DA:60,0
DA:62,0
DA:63,0
DA:75,0
DA:76,0
DA:77,0
DA:86,0
DA:88,0
DA:89,0
DA:90,0
DA:98,0
DA:99,0
DA:100,0
DA:103,0
DA:104,0
DA:105,0
DA:110,0
DA:119,0
DA:120,0
DA:121,0
DA:124,0
DA:125,0
DA:126,0
DA:132,0
DA:135,0
LF:46
LH:0
BRDA:16,0,0,0
BRDA:16,0,1,0
BRDA:19,1,0,0
BRDA:19,1,1,0
BRDA:55,2,0,0
BRDA:55,2,1,0
BRDA:85,3,0,0
BRDA:86,4,0,0
BRDA:86,4,1,0
BRDA:98,5,0,0
BRDA:98,5,1,0
BRDA:119,6,0,0
BRDA:119,6,1,0
BRF:13
BRH:0
end_of_record
TN:
SF:src\services\transcribeService.js
FN:18,getClient
FN:58,mockTranscribe
FN:60,(anonymous_2)
FN:62,(anonymous_3)
FN:74,mediaFormatFromKey
FN:81,pollJob
FN:93,(anonymous_6)
FN:95,(anonymous_7)
FN:98,(anonymous_8)
FN:113,(anonymous_9)
FN:119,transcribeAudio
FN:129,(anonymous_11)
FNF:12
FNH:0
FNDA:0,getClient
FNDA:0,mockTranscribe
FNDA:0,(anonymous_2)
FNDA:0,(anonymous_3)
FNDA:0,mediaFormatFromKey
FNDA:0,pollJob
FNDA:0,(anonymous_6)
FNDA:0,(anonymous_7)
FNDA:0,(anonymous_8)
FNDA:0,(anonymous_9)
FNDA:0,transcribeAudio
FNDA:0,(anonymous_11)
DA:5,0
DA:6,0
DA:11,0
DA:12,0
DA:13,0
DA:14,0
DA:16,0
DA:19,0
DA:20,0
DA:27,0
DA:30,0
DA:59,0
DA:60,0
DA:62,0
DA:63,0
DA:65,0
DA:75,0
DA:76,0
DA:77,0
DA:78,0
DA:82,0
DA:83,0
DA:84,0
DA:85,0
DA:87,0
DA:88,0
DA:89,0
DA:91,0
DA:92,0
DA:93,0
DA:94,0
DA:95,0
DA:97,0
DA:98,0
DA:101,0
DA:109,0
DA:110,0
DA:113,0
DA:116,0
DA:120,0
DA:122,0
DA:124,0
DA:125,0
DA:126,0
DA:128,0
DA:129,0
DA:141,0
DA:144,0
LF:48
LH:0
BRDA:19,0,0,0
BRDA:19,0,1,0
BRDA:22,1,0,0
BRDA:22,1,1,0
BRDA:76,2,0,0
BRDA:76,2,1,0
BRDA:77,3,0,0
BRDA:77,3,1,0
BRDA:81,4,0,0
BRDA:81,5,0,0
BRDA:87,6,0,0
BRDA:87,6,1,0
BRDA:89,7,0,0
BRDA:89,7,1,0
BRDA:93,8,0,0
BRDA:93,8,1,0
BRDA:94,9,0,0
BRDA:94,9,1,0
BRDA:97,10,0,0
BRDA:97,10,1,0
BRDA:104,11,0,0
BRDA:104,11,1,0
BRDA:109,12,0,0
BRDA:109,12,1,0
BRDA:110,13,0,0
BRDA:110,13,1,0
BRDA:120,14,0,0
BRDA:120,14,1,0
BRDA:134,15,0,0
BRDA:134,15,1,0
BRF:30
BRH:0
end_of_record
TN:
SF:src\utils\apiResponse.js
FN:9,(anonymous_0)
FN:21,(anonymous_1)
FN:33,(anonymous_2)
FN:45,(anonymous_3)
FN:56,(anonymous_4)
FNF:5
FNH:0
FNDA:0,(anonymous_0)
FNDA:0,(anonymous_1)
FNDA:0,(anonymous_2)
FNDA:0,(anonymous_3)
FNDA:0,(anonymous_4)
DA:10,0
DA:22,0
DA:34,0
DA:46,0
DA:57,0
DA:63,0
DA:64,0
DA:66,0
DA:70,0
LF:9
LH:0
BRDA:9,0,0,0
BRDA:9,1,0,0
BRDA:21,2,0,0
BRDA:21,3,0,0
BRDA:33,4,0,0
BRDA:33,5,0,0
BRDA:45,6,0,0
BRDA:56,7,0,0
BRDA:56,8,0,0
BRDA:63,9,0,0
BRDA:63,9,1,0
BRDA:63,10,0,0
BRDA:63,10,1,0
BRDA:64,11,0,0
BRDA:64,11,1,0
BRF:15
BRH:0
end_of_record
TN:
SF:src\utils\logger.js
FN:17,(anonymous_0)
FNF:1
FNH:1
FNDA:5,(anonymous_0)
DA:7,1
DA:8,1
DA:10,1
DA:13,1
DA:18,5
DA:19,5
DA:24,1
DA:30,1
DA:42,1
LF:9
LH:9
BRDA:18,0,0,0
BRDA:18,0,1,5
BRDA:31,1,0,0
BRDA:31,1,1,1
BRDA:32,2,0,0
BRDA:32,2,1,1
BRF:6
BRH:3
end_of_record
TN:
SF:src\utils\retry.js
FN:16,withRetry
FN:34,(anonymous_1)
FNF:2
FNH:0
FNDA:0,withRetry
FNDA:0,(anonymous_1)
DA:5,1
DA:19,0
DA:20,0
DA:21,0
DA:22,0
DA:23,0
DA:25,0
DA:27,0
DA:28,0
DA:29,0
DA:33,0
DA:34,0
DA:39,0
DA:40,0
DA:43,1
LF:15
LH:2
BRDA:16,0,0,0
BRDA:16,1,0,0
BRDA:16,2,0,0
BRDA:22,3,0,0
BRDA:22,3,1,0
BRDA:33,4,0,0
BRDA:33,4,1,0
BRF:7
BRH:0
end_of_record
